2024-07-07 19:11:48:278 [Appium] Welcome to Appium v2.11.1
2024-07-07 19:11:48:285 [Appium] Non-default server args:
2024-07-07 19:11:48:289 [Appium] { basePath: '/', relaxedSecurityEnabled: true }
2024-07-07 19:11:48:289 [Appium] The autodetected Appium home path: C:\Users\Mussab\.appium
2024-07-07 19:11:48:290 [Appium] Attempting to load driver uiautomator2...
2024-07-07 19:11:48:296 [Appium] Requiring driver at C:\Users\Mussab\.appium\node_modules\appium-uiautomator2-driver\build\index.js
2024-07-07 19:11:50:004 [Appium] AndroidUiautomator2Driver has been successfully loaded in 1.712s
2024-07-07 19:11:50:059 [Appium] Appium REST http interface listener started on http://0.0.0.0:4723
2024-07-07 19:11:50:093 [Appium] You can provide the following URLs in your client code to connect to this server:
	http://192.168.231.53:4723/
	http://127.0.0.1:4723/ (only accessible from the same host)
2024-07-07 19:11:50:094 [Appium] Available drivers:
2024-07-07 19:11:50:098 [Appium]   - uiautomator2@3.6.1 (automationName 'UiAutomator2')
2024-07-07 19:11:50:103 [Appium] Available plugins:
2024-07-07 19:11:50:105 [Appium]   - device-farm@8.4.7-rc.46
2024-07-07 19:11:50:108 [Appium]   - element-wait@3.0.2
2024-07-07 19:11:50:109 [Appium]   - appium-dashboard@v2.0.3
2024-07-07 19:11:50:110 [Appium]   - gestures@4.0.1
2024-07-07 19:11:50:111 [Appium]   - appium-reporter-plugin@1.1.0-beta.06
2024-07-07 19:11:50:144 [Appium]   - images@3.0.16
2024-07-07 19:11:50:146 [Appium]   - relaxed-caps@1.0.6
2024-07-07 19:11:50:147 [Appium]   - execute-driver@3.0.31
2024-07-07 19:11:50:147 [Appium]   - ocr@0.2.0
2024-07-07 19:11:50:148 [Appium]   - appium-otel-plugin@0.1.3
2024-07-07 19:11:50:148 [Appium] No plugins activated. Use the --use-plugins flag with names of plugins to activate
2024-07-07 19:11:54:833 [HTTP] --> POST /session {"capabilities":{"alwaysMatch":{"platformName":"Android","appium:deviceName":"Pixel 6 API 35","appium:platformVersion":"15.0","appium:orientation":"PORTRAIT","appium:automationName":"UiAutomator2","appium:app":"C:\\Buildware_Mobile_Automation\\apps\\app-release.apk","appium:appWaitActivity":"com.buildware.MainActivity","appium:noReset":false,"appium:newCommandTimeout":240},"firstMatch":[{}]},"desiredCapabilities":{"platformName":"Android","appium:deviceName":"Pixel 6 API 35","appium:platformVersion":"15.0","appium:orientation":"PORTRAIT","appium:automationName":"UiAutomator2","appium:app":"C:\\Buildware_Mobile_Automation\\apps\\app-release.apk","appium:appWaitActivity":"com.buildware.MainActivity","appium:noReset":false,"appium:newCommandTimeout":240}}
2024-07-07 19:11:54:836 [AppiumDriver@cb17] Calling AppiumDriver.createSession() with args: [{"platformName":"Android","appium:deviceName":"Pixel 6 API 35","appium:platformVersion":"15.0","appium:orientation":"PORTRAIT","appium:automationName":"UiAutomator2","appium:app":"C:\\Buildware_Mobile_Automation\\apps\\app-release.apk","appium:appWaitActivity":"com.buildware.MainActivity","appium:noReset":false,"appium:newCommandTimeout":240},null,{"alwaysMatch":{"platformName":"Android","appium:deviceName":"Pixel 6 API 35","appium:platformVersion":"15.0","appium:orientation":"PORTRAIT","appium:automationName":"UiAutomator2","appium:app":"C:\\Buildware_Mobile_Automation\\apps\\app-release.apk","appium:appWaitActivity":"com.buildware.MainActivity","appium:noReset":false,"appium:newCommandTimeout":240},"firstMatch":[{}]}]
2024-07-07 19:11:54:838 [AppiumDriver@cb17] Event 'newSessionRequested' logged at 1720379514838 (00:11:54 GMT+0500 (Pakistan Standard Time))
2024-07-07 19:11:54:846 [Appium] Attempting to find matching driver for automationName 'UiAutomator2' and platformName 'Android'
2024-07-07 19:11:54:846 [Appium] The 'uiautomator2' driver was installed and matched caps.
2024-07-07 19:11:54:847 [Appium] Will require it at C:\Users\Mussab\.appium\node_modules\appium-uiautomator2-driver
2024-07-07 19:11:54:849 [Appium] Requiring driver at C:\Users\Mussab\.appium\node_modules\appium-uiautomator2-driver\build\index.js
2024-07-07 19:11:54:852 [AppiumDriver@cb17] Appium v2.11.1 creating new AndroidUiautomator2Driver (v3.6.1) session
2024-07-07 19:11:54:852 [AppiumDriver@cb17] Checking BaseDriver versions for Appium and AndroidUiautomator2Driver
2024-07-07 19:11:54:852 [AppiumDriver@cb17] Appium's BaseDriver version is 9.11.1
2024-07-07 19:11:54:852 [AppiumDriver@cb17] AndroidUiautomator2Driver's BaseDriver version is 9.11.1
2024-07-07 19:11:54:858 [AppiumDriver@cb17] Applying relaxed security to 'AndroidUiautomator2Driver' as per server command line argument. All insecure features will be enabled unless explicitly disabled by --deny-insecure
2024-07-07 19:11:54:860 [AndroidUiautomator2Driver@7589] undefined
2024-07-07 19:11:54:861 [AndroidUiautomator2Driver@7589] Creating session with W3C capabilities: {
  "alwaysMatch": {
    "platformName": "Android",
    "appium:deviceName": "Pixel 6 API 35",
    "appium:platformVersion": "15.0",
    "appium:orientation": "PORTRAIT",
    "appium:automationName": "UiAutomator2",
    "appium:app": "C:\\Buildware_Mobile_Automation\\apps\\app-release.apk",
    "appium:appWaitActivity": "com.buildware.MainActivity",
    "appium:noReset": false,
    "appium:newCommandTimeout": 240
  },
  "firstMatch": [
    {}
  ]
}
2024-07-07 19:11:54:872 [b77526da][AndroidUiautomator2Driver@7589] Session created with session id: b77526da-afbd-46f9-8a2a-da6f866b6987
2024-07-07 19:11:54:892 [b77526da][ADB] Found 1 'build-tools' folders under 'C:\Users\Mussab\AppData\Local\Android\Sdk' (newest first):
2024-07-07 19:11:54:892 [b77526da][ADB]     C:\Users\Mussab\AppData\Local\Android\Sdk\build-tools\35.0.0
2024-07-07 19:11:54:894 [b77526da][ADB] Using 'adb.exe' from 'C:\Users\Mussab\AppData\Local\Android\Sdk\platform-tools\adb.exe'
2024-07-07 19:11:54:895 [b77526da][ADB] Running 'C:\Users\Mussab\AppData\Local\Android\Sdk\platform-tools\adb.exe -P 5037 start-server'
2024-07-07 19:11:54:936 [b77526da][AndroidUiautomator2Driver@7589] Retrieving device list
2024-07-07 19:11:54:937 [b77526da][ADB] Trying to find connected Android devices
2024-07-07 19:11:54:938 [b77526da][ADB] Getting connected devices
2024-07-07 19:11:54:975 [b77526da][ADB] Connected devices: [{"udid":"emulator-5554","state":"device"}]
2024-07-07 19:11:54:976 [b77526da][AndroidUiautomator2Driver@7589] Looking for a device with Android '15.0.0'
2024-07-07 19:11:54:977 [b77526da][ADB] Setting device id to emulator-5554
2024-07-07 19:11:54:977 [b77526da][ADB] Getting device platform version
2024-07-07 19:11:54:978 [b77526da][ADB] Running 'C:\Users\Mussab\AppData\Local\Android\Sdk\platform-tools\adb.exe -P 5037 -s emulator-5554 shell getprop ro.build.version.release'
2024-07-07 19:11:55:075 [b77526da][ADB] Current device property 'ro.build.version.release': 15
2024-07-07 19:11:55:076 [b77526da][AndroidUiautomator2Driver@7589] Using device: emulator-5554
2024-07-07 19:11:55:078 [b77526da][ADB] Using 'adb.exe' from 'C:\Users\Mussab\AppData\Local\Android\Sdk\platform-tools\adb.exe'
2024-07-07 19:11:55:079 [b77526da][ADB] Running 'C:\Users\Mussab\AppData\Local\Android\Sdk\platform-tools\adb.exe -P 5037 start-server'
2024-07-07 19:11:55:113 [b77526da][ADB] Setting device id to emulator-5554
2024-07-07 19:11:55:115 [b77526da][BaseDriver] Using local app 'C:\Buildware_Mobile_Automation\apps\app-release.apk'
2024-07-07 19:11:55:620 [b77526da][AndroidUiautomator2Driver@7589] Checking whether app is actually present
2024-07-07 19:11:55:621 [b77526da][ADB] Running 'C:\Users\Mussab\AppData\Local\Android\Sdk\platform-tools\adb.exe -P 5037 -s emulator-5554 shell getprop ro.build.version.sdk'
2024-07-07 19:11:55:716 [b77526da][ADB] Current device property 'ro.build.version.sdk': 35
2024-07-07 19:11:55:717 [b77526da][ADB] Getting device platform version
2024-07-07 19:11:55:717 [b77526da][ADB] Running 'C:\Users\Mussab\AppData\Local\Android\Sdk\platform-tools\adb.exe -P 5037 -s emulator-5554 shell getprop ro.build.version.release'
2024-07-07 19:11:55:810 [b77526da][ADB] Current device property 'ro.build.version.release': 15
2024-07-07 19:11:55:810 [b77526da][ADB] Device API level: 35
2024-07-07 19:11:55:811 [b77526da][AndroidUiautomator2Driver@7589] Relaxing hidden api policy
2024-07-07 19:11:55:811 [b77526da][ADB] Running 'C:\Users\Mussab\AppData\Local\Android\Sdk\platform-tools\adb.exe -P 5037 -s emulator-5554 shell 'settings put global hidden_api_policy_pre_p_apps 1;settings put global hidden_api_policy_p_apps 1;settings put global hidden_api_policy 1''
2024-07-07 19:11:55:819 [b77526da][AndroidUiautomator2Driver@7589] Parsing package and activity from app manifest
2024-07-07 19:11:55:821 [b77526da][ADB] Running 'C:\Users\Mussab\AppData\Local\Android\Sdk\platform-tools\adb.exe -P 5037 -s emulator-5554 wait-for-device'
2024-07-07 19:11:55:895 [b77526da][ADB] Running 'C:\Users\Mussab\AppData\Local\Android\Sdk\platform-tools\adb.exe -P 5037 -s emulator-5554 shell echo ping'
2024-07-07 19:11:55:956 [b77526da][ADB] Package name: 'com.buildware.dev'
2024-07-07 19:11:55:957 [b77526da][ADB] Main activity name: 'com.buildware.MainActivity'
2024-07-07 19:11:55:957 [b77526da][AndroidUiautomator2Driver@7589] Parsed package and activity are: com.buildware.dev/com.buildware.MainActivity
2024-07-07 19:11:56:016 [b77526da][AndroidUiautomator2Driver@7589] Pushing settings apk to the device...
2024-07-07 19:11:56:017 [b77526da][ADB] Getting package info for 'io.appium.settings'
2024-07-07 19:11:56:018 [b77526da][ADB] Running 'C:\Users\Mussab\AppData\Local\Android\Sdk\platform-tools\adb.exe -P 5037 -s emulator-5554 shell dumpsys package io.appium.settings'
2024-07-07 19:11:56:420 [b77526da][ADB] The version name of the installed 'io.appium.settings' is greater or equal to the application version name ('5.12.4' >= '5.12.4')
2024-07-07 19:11:56:420 [b77526da][ADB] There is no need to install/upgrade 'C:\Users\Mussab\.appium\node_modules\appium-uiautomator2-driver\node_modules\io.appium.settings\apks\settings_apk-debug.apk'
2024-07-07 19:11:56:421 [b77526da][ADB] Running 'C:\Users\Mussab\AppData\Local\Android\Sdk\platform-tools\adb.exe -P 5037 -s emulator-5554 shell dumpsys activity services io.appium.settings'
2024-07-07 19:11:56:532 [b77526da][AndroidUiautomator2Driver@7589] io.appium.settings is already running. There is no need to reset its permissions.
2024-07-07 19:11:56:533 [b77526da][Logcat] Starting logs capture with command: C:\\Users\\Mussab\\AppData\\Local\\Android\\Sdk\\platform-tools\\adb.exe -P 5037 -s emulator-5554 logcat -v threadtime
2024-07-07 19:11:56:643 [b77526da][AndroidUiautomator2Driver@7589] Forwarding UiAutomator2 Server port 6790 to local port 8201
2024-07-07 19:11:56:644 [b77526da][ADB] Forwarding system: 8201 to device: 6790
2024-07-07 19:11:56:645 [b77526da][ADB] Running 'C:\Users\Mussab\AppData\Local\Android\Sdk\platform-tools\adb.exe -P 5037 -s emulator-5554 forward tcp:8201 tcp:6790'
2024-07-07 19:11:56:719 [b77526da][ADB] Getting package info for 'io.appium.uiautomator2.server'
2024-07-07 19:11:56:719 [b77526da][ADB] Running 'C:\Users\Mussab\AppData\Local\Android\Sdk\platform-tools\adb.exe -P 5037 -s emulator-5554 shell dumpsys package io.appium.uiautomator2.server'
2024-07-07 19:11:56:728 [b77526da][ADB] Getting install status for io.appium.uiautomator2.server.test
2024-07-07 19:11:56:730 [b77526da][ADB] Checking app cert for C:\Buildware_Mobile_Automation\apps\app-release.apk
2024-07-07 19:11:56:731 [b77526da][ADB] Running 'C:\Users\Mussab\AppData\Local\Android\Sdk\platform-tools\adb.exe -P 5037 -s emulator-5554 shell cmd package list packages'
2024-07-07 19:11:57:144 [b77526da][ADB] 'io.appium.uiautomator2.server.test' is installed
2024-07-07 19:11:57:862 [b77526da][ADB] Using 'apksigner.jar' from 'C:\Users\Mussab\AppData\Local\Android\Sdk\build-tools\35.0.0\lib\apksigner.jar'
2024-07-07 19:11:57:932 [b77526da][ADB] Starting apksigner: 'C:\\Program Files\\Common Files\\Oracle\\Java\\javapath\\java.exe' -Xmx1024M -Xss1m -jar C:\\Users\\Mussab\\AppData\\Local\\Android\\Sdk\\build-tools\\35.0.0\\lib\\apksigner.jar verify --print-certs C:\\Buildware_Mobile_Automation\\apps\\app-release.apk
2024-07-07 19:11:59:307 [b77526da][ADB] The version name of the installed 'io.appium.uiautomator2.server' is greater or equal to the application version name ('7.0.14' >= '7.0.14')
2024-07-07 19:11:59:317 [b77526da][AndroidUiautomator2Driver@7589] Server packages status: [{"installState":"sameVersionInstalled","appPath":"C:\\Users\\Mussab\\.appium\\node_modules\\appium-uiautomator2-driver\\node_modules\\appium-uiautomator2-server\\apks\\appium-uiautomator2-server-v7.0.14.apk","appId":"io.appium.uiautomator2.server"},{"installState":"sameVersionInstalled","appPath":"C:\\Users\\Mussab\\.appium\\node_modules\\appium-uiautomator2-driver\\node_modules\\appium-uiautomator2-server\\apks\\appium-uiautomator2-server-debug-androidTest.apk","appId":"io.appium.uiautomator2.server.test"}]
2024-07-07 19:11:59:320 [b77526da][AndroidUiautomator2Driver@7589] Server packages are not going to be (re)installed
2024-07-07 19:11:59:322 [b77526da][AndroidUiautomator2Driver@7589] Waiting up to 30000ms for services to be available
2024-07-07 19:11:59:325 [b77526da][ADB] Running 'C:\Users\Mussab\AppData\Local\Android\Sdk\platform-tools\adb.exe -P 5037 -s emulator-5554 shell pm list instrumentation'
2024-07-07 19:11:59:674 [b77526da][AndroidUiautomator2Driver@7589] Instrumentation target 'io.appium.uiautomator2.server.test/androidx.test.runner.AndroidJUnitRunner' is available
2024-07-07 19:11:59:679 [b77526da][ADB] Adding packages ["io.appium.settings","io.appium.uiautomator2.server","io.appium.uiautomator2.server.test"] to Doze whitelist
2024-07-07 19:11:59:680 [b77526da][ADB] Got the following command chunks to execute: [["dumpsys","deviceidle","whitelist","+io.appium.settings",";","dumpsys","deviceidle","whitelist","+io.appium.uiautomator2.server",";","dumpsys","deviceidle","whitelist","+io.appium.uiautomator2.server.test",";"]]
2024-07-07 19:11:59:681 [b77526da][ADB] Running 'C:\Users\Mussab\AppData\Local\Android\Sdk\platform-tools\adb.exe -P 5037 -s emulator-5554 shell dumpsys deviceidle whitelist +io.appium.settings ; dumpsys deviceidle whitelist +io.appium.uiautomator2.server ; dumpsys deviceidle whitelist +io.appium.uiautomator2.server.test ;'
2024-07-07 19:12:06:206 [b77526da][ADB] apksigner stdout: Signer #1 certificate DN: CN=Android Debug, OU=Android, O=Unknown, L=Unknown, ST=Unknown, C=US
Signer #1 certificate SHA-256 digest: fac61745dc0903786fb9ede62a962b399f7348f0bb6f899b8332667591033b9c
Signer #1 certificate SHA-1 digest: 5e8f16062ea3cd2c4a0d547876baa6f38cabf625
Signer #1 certificate MD5 digest: 20f46148b72d8e5e5ca23d37a4f41490

2024-07-07 19:12:06:207 [b77526da][ADB] 'C:\Buildware_Mobile_Automation\apps\app-release.apk' is signed with a non-default certificate
2024-07-07 19:12:06:209 [b77526da][ADB] Getting package info for 'com.buildware.dev'
2024-07-07 19:12:06:209 [b77526da][ADB] Running 'C:\Users\Mussab\AppData\Local\Android\Sdk\platform-tools\adb.exe -P 5037 -s emulator-5554 shell dumpsys package com.buildware.dev'
2024-07-07 19:12:06:513 [b77526da][ADB] The version name of the installed 'com.buildware.dev' is greater or equal to the application version name ('1.0.0' >= '1.0.0')
2024-07-07 19:12:06:513 [b77526da][ADB] There is no need to install/upgrade 'C:\Buildware_Mobile_Automation\apps\app-release.apk'
2024-07-07 19:12:06:514 [b77526da][AndroidUiautomator2Driver@7589] Performing fast reset on 'com.buildware.dev'
2024-07-07 19:12:06:515 [b77526da][ADB] Getting install status for com.buildware.dev
2024-07-07 19:12:06:516 [b77526da][ADB] Running 'C:\Users\Mussab\AppData\Local\Android\Sdk\platform-tools\adb.exe -P 5037 -s emulator-5554 shell cmd package list packages'
2024-07-07 19:12:06:685 [b77526da][ADB] 'com.buildware.dev' is installed
2024-07-07 19:12:06:685 [b77526da][ADB] Running 'C:\Users\Mussab\AppData\Local\Android\Sdk\platform-tools\adb.exe -P 5037 -s emulator-5554 shell am force-stop com.buildware.dev'
2024-07-07 19:12:06:966 [b77526da][ADB] Running 'C:\Users\Mussab\AppData\Local\Android\Sdk\platform-tools\adb.exe -P 5037 -s emulator-5554 shell pm clear com.buildware.dev'
2024-07-07 19:12:07:419 [b77526da][AndroidUiautomator2Driver@7589] Performed fast reset on the installed 'com.buildware.dev' application (stop and clear)
2024-07-07 19:12:07:421 [b77526da][AndroidUiautomator2Driver@7589] Performing shallow cleanup of automation leftovers
2024-07-07 19:12:07:547 [b77526da][AndroidUiautomator2Driver@7589] No obsolete sessions have been detected (socket hang up)
2024-07-07 19:12:07:548 [b77526da][ADB] Running 'C:\Users\Mussab\AppData\Local\Android\Sdk\platform-tools\adb.exe -P 5037 -s emulator-5554 shell am force-stop io.appium.uiautomator2.server.test'
2024-07-07 19:12:08:105 [b77526da][AndroidUiautomator2Driver@7589] Starting UIAutomator2 server 7.0.14
2024-07-07 19:12:08:106 [b77526da][AndroidUiautomator2Driver@7589] Using UIAutomator2 server from 'C:\Users\Mussab\.appium\node_modules\appium-uiautomator2-driver\node_modules\appium-uiautomator2-server\apks\appium-uiautomator2-server-v7.0.14.apk' and test from 'C:\Users\Mussab\.appium\node_modules\appium-uiautomator2-driver\node_modules\appium-uiautomator2-server\apks\appium-uiautomator2-server-debug-androidTest.apk'
2024-07-07 19:12:08:106 [b77526da][AndroidUiautomator2Driver@7589] Waiting up to 30000ms for UiAutomator2 to be online...
2024-07-07 19:12:08:107 [b77526da][ADB] Creating ADB subprocess with args: ["-P","5037","-s","emulator-5554","shell","am","instrument","-w","-e","disableAnalytics","true","io.appium.uiautomator2.server.test/androidx.test.runner.AndroidJUnitRunner"]
2024-07-07 19:12:08:123 [b77526da][AndroidUiautomator2Driver@7589] Matched '/status' to command name 'getStatus'
2024-07-07 19:12:08:127 [b77526da][AndroidUiautomator2Driver@7589] Proxying [GET /status] to [GET http://127.0.0.1:8201/status] with no body
2024-07-07 19:12:08:214 [b77526da][AndroidUiautomator2Driver@7589] socket hang up
2024-07-07 19:12:09:218 [b77526da][AndroidUiautomator2Driver@7589] Matched '/status' to command name 'getStatus'
2024-07-07 19:12:09:219 [b77526da][AndroidUiautomator2Driver@7589] Proxying [GET /status] to [GET http://127.0.0.1:8201/status] with no body
2024-07-07 19:12:09:241 [b77526da][AndroidUiautomator2Driver@7589] socket hang up
2024-07-07 19:12:10:253 [b77526da][AndroidUiautomator2Driver@7589] Matched '/status' to command name 'getStatus'
2024-07-07 19:12:10:254 [b77526da][AndroidUiautomator2Driver@7589] Proxying [GET /status] to [GET http://127.0.0.1:8201/status] with no body
2024-07-07 19:12:10:284 [b77526da][AndroidUiautomator2Driver@7589] socket hang up
2024-07-07 19:12:11:287 [b77526da][AndroidUiautomator2Driver@7589] Matched '/status' to command name 'getStatus'
2024-07-07 19:12:11:288 [b77526da][AndroidUiautomator2Driver@7589] Proxying [GET /status] to [GET http://127.0.0.1:8201/status] with no body
2024-07-07 19:12:11:307 [b77526da][AndroidUiautomator2Driver@7589] socket hang up
2024-07-07 19:12:12:317 [b77526da][AndroidUiautomator2Driver@7589] Matched '/status' to command name 'getStatus'
2024-07-07 19:12:12:317 [b77526da][AndroidUiautomator2Driver@7589] Proxying [GET /status] to [GET http://127.0.0.1:8201/status] with no body
2024-07-07 19:12:12:341 [b77526da][AndroidUiautomator2Driver@7589] socket hang up
2024-07-07 19:12:13:357 [b77526da][AndroidUiautomator2Driver@7589] Matched '/status' to command name 'getStatus'
2024-07-07 19:12:13:358 [b77526da][AndroidUiautomator2Driver@7589] Proxying [GET /status] to [GET http://127.0.0.1:8201/status] with no body
2024-07-07 19:12:13:372 [b77526da][AndroidUiautomator2Driver@7589] socket hang up
2024-07-07 19:12:13:686 [b77526da][Instrumentation] io.appium.uiautomator2.server.test.AppiumUiAutomator2Server:
2024-07-07 19:12:14:379 [b77526da][AndroidUiautomator2Driver@7589] Matched '/status' to command name 'getStatus'
2024-07-07 19:12:14:380 [b77526da][AndroidUiautomator2Driver@7589] Proxying [GET /status] to [GET http://127.0.0.1:8201/status] with no body
2024-07-07 19:12:14:396 [b77526da][AndroidUiautomator2Driver@7589] socket hang up
2024-07-07 19:12:15:397 [b77526da][AndroidUiautomator2Driver@7589] Matched '/status' to command name 'getStatus'
2024-07-07 19:12:15:398 [b77526da][AndroidUiautomator2Driver@7589] Proxying [GET /status] to [GET http://127.0.0.1:8201/status] with no body
2024-07-07 19:12:15:428 [b77526da][AndroidUiautomator2Driver@7589] socket hang up
2024-07-07 19:12:16:431 [b77526da][AndroidUiautomator2Driver@7589] Matched '/status' to command name 'getStatus'
2024-07-07 19:12:16:432 [b77526da][AndroidUiautomator2Driver@7589] Proxying [GET /status] to [GET http://127.0.0.1:8201/status] with no body
2024-07-07 19:12:17:043 [b77526da][AndroidUiautomator2Driver@7589] Got response with status 200: {"sessionId":"None","value":{"message":"UiAutomator2 Server is ready to accept commands","ready":true}}
2024-07-07 19:12:17:044 [b77526da][AndroidUiautomator2Driver@7589] The initialization of the instrumentation process took 8938ms
2024-07-07 19:12:17:045 [b77526da][AndroidUiautomator2Driver@7589] Matched '/session' to command name 'createSession'
2024-07-07 19:12:17:045 [b77526da][AndroidUiautomator2Driver@7589] Proxying [POST /session] to [POST http://127.0.0.1:8201/session] with body: {"capabilities":{"firstMatch":[{"platformName":"Android","deviceName":"emulator-5554","platformVersion":"15.0","orientation":"PORTRAIT","automationName":"UiAutomator2","app":"C:\\Buildware_Mobile_Automation\\apps\\app-release.apk","appWaitActivity":"com.buildware.MainActivity","noReset":false,"newCommandTimeout":240,"platform":"LINUX","webStorageEnabled":false,"takesScreenshot":true,"javascriptEnabled":true,"databaseEnabled":false,"networkConnectionEnabled":true,"locationContextEnabled":false,"warnings":{},"desired":{"platformName":"Android","deviceName":"Pixel 6 API 35","platformVersion":"15.0","orientation":"PORTRAIT","automationName":"UiAutomator2","app":"C:\\Buildware_Mobile_Automation\\apps\\app-release.apk","appWaitActivity":"com.buildware.MainActivity","noReset":false,"newCommandTimeout":240},"deviceUDID":"emulator-5554","appPackage":"com.buildware.dev"}],"alwaysMatch":{}}}
2024-07-07 19:12:17:265 [b77526da][AndroidUiautomator2Driver@7589] Got response with status 200: {"sessionId":"bc89da0c-83fe-41d8-bf0a-77632c84fef1","value":{"capabilities":{"firstMatch":[{"platformName":"Android","deviceName":"emulator-5554","platformVersion":"15.0","orientation":"PORTRAIT","automationName":"UiAutomator2","app":"C:\\Buildware_Mobile_Automation\\apps\\app-release.apk","appWaitActivity":"com.buildware.MainActivity","noReset":false,"newCommandTimeout":240,"platform":"LINUX","webStorageEnabled":false,"takesScreenshot":true,"javascriptEnabled":true,"databaseEnabled":false,"networkConnectionEnabled":true,"locationContextEnabled":false,"warnings":{},"desired":{"platformName":"Android","deviceName":"Pixel 6 API 35","platformVersion":"15.0","orientation":"PORTRAIT","automationName":"UiAutomator2","app":"C:\\Buildware_Mobile_Automation\\apps\\app-release.apk","appWaitActivity":"com.buildware.MainActivity","noReset":false,"newCommandTimeout":240},"deviceUDID":"emulator-5554","appPackage":"com.buildware.dev"}],"alwaysMatch":{}},"sessionId":"bc89da0c-83fe-41d8-bf0a-77632c84fef1"}}
2024-07-07 19:12:17:266 [b77526da][AndroidUiautomator2Driver@7589] Determined the downstream protocol as 'W3C'
2024-07-07 19:12:17:280 [b77526da][AndroidUiautomator2Driver@7589] Proxying [GET /appium/device/pixel_ratio] to [GET http://127.0.0.1:8201/session/bc89da0c-83fe-41d8-bf0a-77632c84fef1/appium/device/pixel_ratio] with no body
2024-07-07 19:12:17:282 [b77526da][AndroidUiautomator2Driver@7589] Matched '/appium/device/system_bars' to command name 'getSystemBars'
2024-07-07 19:12:17:283 [b77526da][AndroidUiautomator2Driver@7589] Proxying [GET /appium/device/system_bars] to [GET http://127.0.0.1:8201/session/bc89da0c-83fe-41d8-bf0a-77632c84fef1/appium/device/system_bars] with no body
2024-07-07 19:12:17:285 [b77526da][AndroidUiautomator2Driver@7589] Matched '/window/current/size' to command name 'getWindowSize'
2024-07-07 19:12:17:285 [b77526da][AndroidUiautomator2Driver@7589] Proxying [GET /window/current/size] to [GET http://127.0.0.1:8201/session/bc89da0c-83fe-41d8-bf0a-77632c84fef1/window/current/size] with no body
2024-07-07 19:12:17:289 [b77526da][AndroidUiautomator2Driver@7589] Proxying [GET /appium/device/info] to [GET http://127.0.0.1:8201/session/bc89da0c-83fe-41d8-bf0a-77632c84fef1/appium/device/info] with no body
2024-07-07 19:12:17:291 [b77526da][ADB] Running 'C:\Users\Mussab\AppData\Local\Android\Sdk\platform-tools\adb.exe -P 5037 -s emulator-5554 shell dumpsys window'
2024-07-07 19:12:17:297 [b77526da][ADB] Running 'C:\Users\Mussab\AppData\Local\Android\Sdk\platform-tools\adb.exe -P 5037 -s emulator-5554 shell dumpsys power'
2024-07-07 19:12:17:400 [b77526da][AndroidUiautomator2Driver@7589] Got response with status 200: {"sessionId":"bc89da0c-83fe-41d8-bf0a-77632c84fef1","value":2.625}
2024-07-07 19:12:17:521 [b77526da][AndroidUiautomator2Driver@7589] Got response with status 200: {"sessionId":"bc89da0c-83fe-41d8-bf0a-77632c84fef1","value":{"statusBar":128}}
2024-07-07 19:12:17:552 [b77526da][AndroidUiautomator2Driver@7589] Got response with status 200: {"sessionId":"bc89da0c-83fe-41d8-bf0a-77632c84fef1","value":{"height":2400,"width":1080}}
2024-07-07 19:12:17:662 [b77526da][AndroidUiautomator2Driver@7589] Got response with status 200: {"sessionId":"bc89da0c-83fe-41d8-bf0a-77632c84fef1","value":{"androidId":"6aa9366b01e9f054","apiVersion":"35","bluetooth":{"state":"ON"},"brand":"google","carrierName":"T-Mobile","displayDensity":420,"locale":"en_US","manufacturer":"Google","model":"sdk_gphone64_x86_64","networks":[{"capabilities":{"SSID":null,"linkDownBandwidthKbps":30000,"linkUpstreamBandwidthKbps":12000,"networkCapabilities":"NET_CAPABILITY_NOT_METERED,NET_CAPABILITY_INTERNET,NET_CAPABILITY_NOT_RESTRICTED,NET_CAPABILITY_TRUSTED,NET_CAPABILITY_NOT_VPN,NET_CAPABILITY_VALIDATED,NET_CAPABILITY_NOT_ROAMING,NET_CAPABILITY_FOREGROUND,NET_CAPABILITY_NOT_CONGESTED,NET_CAPABILITY_NOT_SUSPENDED","signalStrength":-50,"transportTypes":"TRANSPORT_WIFI"},"detailedState":"CONNECTED","extraInfo":"","isAvailable":true,"isConnected":true,"isFailover":false,"isRoaming":false,"state":"CONNECTED","subtype":-1,"subtypeName":"","type":1,"typeName":"WIFI"},{"capabilities":{"SSID":null,"linkDownBandwidthKbps":4300,"linkUpstreamBandwidthKbps":1800,"networkCapabil...
2024-07-07 19:12:18:038 [b77526da][AndroidUiautomator2Driver@7589] Screen already unlocked, doing nothing
2024-07-07 19:12:18:039 [b77526da][AndroidUiautomator2Driver@7589] Starting 'com.buildware.dev/com.buildware.MainActivity and waiting for 'com.buildware.dev/com.buildware.MainActivity'
2024-07-07 19:12:18:040 [b77526da][ADB] Running 'C:\Users\Mussab\AppData\Local\Android\Sdk\platform-tools\adb.exe -P 5037 -s emulator-5554 shell am start -W -n com.buildware.dev/com.buildware.MainActivity -S -a android.intent.action.MAIN -c android.intent.category.LAUNCHER -f 0x10200000'
2024-07-07 19:12:22:513 [b77526da][ADB] Waiting up to 20000ms for activity matching pkg: 'com.buildware.dev' and activity: 'com.buildware.MainActivity' to be focused
2024-07-07 19:12:22:514 [b77526da][ADB] Possible activities, to be checked: 'com.buildware.MainActivity', 'com.buildware.dev.com.buildware.MainActivity'
2024-07-07 19:12:22:516 [b77526da][ADB] Getting focused package and activity
2024-07-07 19:12:22:516 [b77526da][ADB] Running 'C:\Users\Mussab\AppData\Local\Android\Sdk\platform-tools\adb.exe -P 5037 -s emulator-5554 shell dumpsys window displays'
2024-07-07 19:12:23:001 [b77526da][ADB] Found package: 'com.buildware.dev' and fully qualified activity name : 'com.buildware.MainActivity'
2024-07-07 19:12:23:001 [b77526da][AndroidUiautomator2Driver@7589] Setting initial orientation to 'PORTRAIT'
2024-07-07 19:12:23:003 [b77526da][AndroidUiautomator2Driver@7589] Matched '/orientation' to command name 'setOrientation'
2024-07-07 19:12:23:004 [b77526da][AndroidUiautomator2Driver@7589] Proxying [POST /orientation] to [POST http://127.0.0.1:8201/session/bc89da0c-83fe-41d8-bf0a-77632c84fef1/orientation] with body: {"orientation":"PORTRAIT"}
2024-07-07 19:12:23:348 [b77526da][AndroidUiautomator2Driver@7589] Got response with status 200: {"sessionId":"bc89da0c-83fe-41d8-bf0a-77632c84fef1","value":"PORTRAIT"}
2024-07-07 19:12:23:350 [b77526da][AppiumDriver@cb17] New AndroidUiautomator2Driver session created successfully, session b77526da-afbd-46f9-8a2a-da6f866b6987 added to master session list
2024-07-07 19:12:23:353 [b77526da][AppiumDriver@cb17] Event 'newSessionStarted' logged at 1720379543352 (00:12:23 GMT+0500 (Pakistan Standard Time))
2024-07-07 19:12:23:354 [b77526da][AndroidUiautomator2Driver@7589] Cached the protocol value 'W3C' for the new session b77526da-afbd-46f9-8a2a-da6f866b6987
2024-07-07 19:12:23:356 [b77526da][AndroidUiautomator2Driver@7589] Responding to client with driver.createSession() result: {"capabilities":{"platformName":"Android","deviceName":"emulator-5554","platformVersion":"15","orientation":"PORTRAIT","automationName":"UiAutomator2","app":"C:\\Buildware_Mobile_Automation\\apps\\app-release.apk","appWaitActivity":"com.buildware.MainActivity","noReset":false,"newCommandTimeout":240,"platform":"LINUX","webStorageEnabled":false,"takesScreenshot":true,"javascriptEnabled":true,"databaseEnabled":false,"networkConnectionEnabled":true,"locationContextEnabled":false,"warnings":{},"desired":{"platformName":"Android","deviceName":"Pixel 6 API 35","platformVersion":"15.0","orientation":"PORTRAIT","automationName":"UiAutomator2","app":"C:\\Buildware_Mobile_Automation\\apps\\app-release.apk","appWaitActivity":"com.buildware.MainActivity","noReset":false,"newCommandTimeout":240},"deviceUDID":"emulator-5554","appPackage":"com.buildware.dev","pixelRatio":"2.625","statBarHeight":128,"viewportRect":{"left":0,"top":128,"width":1080,"height":2272},"deviceApiLevel":35,"deviceManufacturer":"Google","deviceMode...
2024-07-07 19:12:23:363 [b77526da][HTTP] <-- POST /session 200 28528 ms - 1165 
2024-07-07 19:12:23:437 [b77526da][HTTP] --> POST /session/b77526da-afbd-46f9-8a2a-da6f866b6987/appium/settings {"settings":{"waitForSelectorTimeout":3000}}
2024-07-07 19:12:23:466 [b77526da][AndroidUiautomator2Driver@7589] Calling AppiumDriver.updateSettings() with args: [{"waitForSelectorTimeout":3000},"b77526da-afbd-46f9-8a2a-da6f866b6987"]
2024-07-07 19:12:23:471 [b77526da][AndroidUiautomator2Driver@7589] Matched '/appium/settings' to command name 'updateSettings'
2024-07-07 19:12:23:472 [b77526da][AndroidUiautomator2Driver@7589] Proxying [POST /appium/settings] to [POST http://127.0.0.1:8201/session/bc89da0c-83fe-41d8-bf0a-77632c84fef1/appium/settings] with body: {"settings":{"waitForSelectorTimeout":3000}}
2024-07-07 19:12:23:744 [b77526da][AndroidUiautomator2Driver@7589] Got response with status 200: {"sessionId":"bc89da0c-83fe-41d8-bf0a-77632c84fef1","value":null}
2024-07-07 19:12:23:744 [b77526da][AndroidUiautomator2Driver@7589] Responding to client with driver.updateSettings() result: null
2024-07-07 19:12:23:747 [b77526da][HTTP] <-- POST /session/b77526da-afbd-46f9-8a2a-da6f866b6987/appium/settings 200 309 ms - 14 
2024-07-07 19:12:23:790 [b77526da][HTTP] --> POST /session/b77526da-afbd-46f9-8a2a-da6f866b6987/element {"using":"-android uiautomator","value":"new UiSelector().text(\"email@address.com\")"}
2024-07-07 19:12:23:798 [b77526da][AndroidUiautomator2Driver@7589] Calling AppiumDriver.findElement() with args: ["-android uiautomator","new UiSelector().text(\"email@address.com\")","b77526da-afbd-46f9-8a2a-da6f866b6987"]
2024-07-07 19:12:23:799 [b77526da][AndroidUiautomator2Driver@7589] Valid locator strategies for this request: xpath, id, class name, accessibility id, css selector, -android uiautomator
2024-07-07 19:12:23:800 [b77526da][AndroidUiautomator2Driver@7589] Waiting up to 0 ms for condition
2024-07-07 19:12:23:802 [b77526da][AndroidUiautomator2Driver@7589] Matched '/element' to command name 'findElement'
2024-07-07 19:12:23:803 [b77526da][AndroidUiautomator2Driver@7589] Proxying [POST /element] to [POST http://127.0.0.1:8201/session/bc89da0c-83fe-41d8-bf0a-77632c84fef1/element] with body: {"strategy":"-android uiautomator","selector":"new UiSelector().text(\"email@address.com\")","context":"","multiple":false}
2024-07-07 19:12:24:976 [b77526da][AndroidUiautomator2Driver@7589] Got response with status 404: {"sessionId":"bc89da0c-83fe-41d8-bf0a-77632c84fef1","value":{"error":"no such element","message":"An element could not be located on the page using the given search parameters","stacktrace":"io.appium.uiautomator2.common.exceptions.ElementNotFoundException: An element could not be located on the page using the given search parameters\n\tat io.appium.uiautomator2.handler.FindElement.safeHandle(FindElement.java:63)\n\tat io.appium.uiautomator2.handler.request.SafeRequestHandler.handle(SafeRequestHandler.java:59)\n\tat io.appium.uiautomator2.server.AppiumServlet.handleRequest(AppiumServlet.java:259)\n\tat io.appium.uiautomator2.server.AppiumServlet.handleHttpRequest(AppiumServlet.java:253)\n\tat io.appium.uiautomator2.http.ServerHandler.channelRead(ServerHandler.java:77)\n\tat io.netty.channel.AbstractChannelHandlerContext.invokeChannelRead(AbstractChannelHandlerContext.java:366)\n\tat io.netty.channel.AbstractChannelHandlerContext.invokeChannelRead(AbstractChannelHandlerContext.java:352)\n\tat io.netty.chann...
2024-07-07 19:12:24:977 [b77526da][W3C] Matched W3C error code 'no such element' to NoSuchElementError
2024-07-07 19:12:24:979 [b77526da][AndroidUiautomator2Driver@7589] Encountered internal error running command: NoSuchElementError: An element could not be located on the page using the given search parameters.
    at AndroidUiautomator2Driver.findElOrEls (C:\Users\Mussab\.appium\node_modules\appium-uiautomator2-driver\node_modules\appium-android-driver\lib\commands\find.ts:86:11)
    at processTicksAndRejections (node:internal/process/task_queues:95:5)
    at async AndroidUiautomator2Driver.findElOrElsWithProcessing (C:\Buildware_Mobile_Automation\node_modules\@appium\base-driver\lib\basedriver\commands\find.ts:60:12)
    at async AndroidUiautomator2Driver.findElement (C:\Buildware_Mobile_Automation\node_modules\@appium\base-driver\lib\basedriver\commands\find.ts:75:12)
2024-07-07 19:12:24:982 [b77526da][HTTP] <-- POST /session/b77526da-afbd-46f9-8a2a-da6f866b6987/element 404 1190 ms - 843 
2024-07-07 19:12:25:070 [b77526da][HTTP] --> POST /session/b77526da-afbd-46f9-8a2a-da6f866b6987/elements {"using":"-android uiautomator","value":"new UiSelector().text(\"email@address.com\")"}
2024-07-07 19:12:25:072 [b77526da][AndroidUiautomator2Driver@7589] Calling AppiumDriver.findElements() with args: ["-android uiautomator","new UiSelector().text(\"email@address.com\")","b77526da-afbd-46f9-8a2a-da6f866b6987"]
2024-07-07 19:12:25:074 [b77526da][AndroidUiautomator2Driver@7589] Valid locator strategies for this request: xpath, id, class name, accessibility id, css selector, -android uiautomator
2024-07-07 19:12:25:074 [b77526da][AndroidUiautomator2Driver@7589] Waiting up to 0 ms for condition
2024-07-07 19:12:25:075 [b77526da][AndroidUiautomator2Driver@7589] Matched '/elements' to command name 'findElements'
2024-07-07 19:12:25:076 [b77526da][AndroidUiautomator2Driver@7589] Proxying [POST /elements] to [POST http://127.0.0.1:8201/session/bc89da0c-83fe-41d8-bf0a-77632c84fef1/elements] with body: {"strategy":"-android uiautomator","selector":"new UiSelector().text(\"email@address.com\")","context":"","multiple":true}
2024-07-07 19:12:25:094 [b77526da][HTTP] --> DELETE /session/b77526da-afbd-46f9-8a2a-da6f866b6987 {}
2024-07-07 19:12:25:094 [b77526da][AndroidUiautomator2Driver@7589] Calling AppiumDriver.deleteSession() with args: ["b77526da-afbd-46f9-8a2a-da6f866b6987"]
2024-07-07 19:12:25:095 [b77526da][AppiumDriver@cb17] Event 'quitSessionRequested' logged at 1720379545095 (00:12:25 GMT+0500 (Pakistan Standard Time))
2024-07-07 19:12:25:096 [b77526da][AppiumDriver@cb17] Removing session b77526da-afbd-46f9-8a2a-da6f866b6987 from our master session list
2024-07-07 19:12:25:098 [b77526da][AndroidUiautomator2Driver@7589] Deleting UiAutomator2 session
2024-07-07 19:12:25:099 [b77526da][AndroidUiautomator2Driver@7589] Deleting UiAutomator2 server session
2024-07-07 19:12:25:100 [b77526da][AndroidUiautomator2Driver@7589] Matched '/' to command name 'deleteSession'
2024-07-07 19:12:25:100 [b77526da][AndroidUiautomator2Driver@7589] Proxying [DELETE /] to [DELETE http://127.0.0.1:8201/session/bc89da0c-83fe-41d8-bf0a-77632c84fef1] with no body
2024-07-07 19:12:25:448 [b77526da][AndroidUiautomator2Driver@7589] Got response with status 200: {"sessionId":"bc89da0c-83fe-41d8-bf0a-77632c84fef1","value":null}
2024-07-07 19:12:25:450 [b77526da][ADB] Running 'C:\Users\Mussab\AppData\Local\Android\Sdk\platform-tools\adb.exe -P 5037 -s emulator-5554 shell dumpsys activity services io.appium.settings/.recorder.RecorderService'
2024-07-07 19:12:25:464 [b77526da][ADB] Running 'C:\Users\Mussab\AppData\Local\Android\Sdk\platform-tools\adb.exe -P 5037 -s emulator-5554 shell am force-stop com.buildware.dev'
2024-07-07 19:12:25:567 [b77526da][AndroidUiautomator2Driver@7589] Got response with status 200: {"sessionId":"bc89da0c-83fe-41d8-bf0a-77632c84fef1","value":[]}
2024-07-07 19:12:25:568 [b77526da][AppiumDriver@cb17] Responding to client with driver.findElements() result: []
2024-07-07 19:12:25:570 [b77526da][HTTP] <-- POST /session/b77526da-afbd-46f9-8a2a-da6f866b6987/elements 200 500 ms - 12 
2024-07-07 19:12:25:601 [b77526da][HTTP] --> POST /session/b77526da-afbd-46f9-8a2a-da6f866b6987/elements {"using":"-android uiautomator","value":"new UiSelector().text(\"email@address.com\")"}
2024-07-07 19:12:25:612 [b77526da][AppiumDriver@cb17] Encountered internal error running command: NoSuchDriverError: A session is either terminated or not started
    at asyncHandler (C:\Buildware_Mobile_Automation\node_modules\@appium\base-driver\lib\protocol\protocol.js:309:15)
    at C:\Buildware_Mobile_Automation\node_modules\@appium\base-driver\lib\protocol\protocol.js:512:15
    at Layer.handle [as handle_request] (C:\Buildware_Mobile_Automation\node_modules\express\lib\router\layer.js:95:5)
    at next (C:\Buildware_Mobile_Automation\node_modules\express\lib\router\route.js:149:13)
    at Route.dispatch (C:\Buildware_Mobile_Automation\node_modules\express\lib\router\route.js:119:3)
    at Layer.handle [as handle_request] (C:\Buildware_Mobile_Automation\node_modules\express\lib\router\layer.js:95:5)
    at C:\Buildware_Mobile_Automation\node_modules\express\lib\router\index.js:284:15
    at param (C:\Buildware_Mobile_Automation\node_modules\express\lib\router\index.js:365:14)
    at param (C:\Buildware_Mobile_Automation\node_modules\express\lib\router\index.js:376:14)
    at Function.process_params (C:\Buildware_Mobile_Automation\node_modules\express\lib\router\index.js:421:3)
    at next (C:\Buildware_Mobile_Automation\node_modules\express\lib\router\index.js:280:10)
    at logger (C:\Buildware_Mobile_Automation\node_modules\morgan\index.js:144:5)
    at Layer.handle [as handle_request] (C:\Buildware_Mobile_Automation\node_modules\express\lib\router\layer.js:95:5)
    at trim_prefix (C:\Buildware_Mobile_Automation\node_modules\express\lib\router\index.js:328:13)
    at C:\Buildware_Mobile_Automation\node_modules\express\lib\router\index.js:286:9
    at Function.process_params (C:\Buildware_Mobile_Automation\node_modules\express\lib\router\index.js:346:12)
    at next (C:\Buildware_Mobile_Automation\node_modules\express\lib\router\index.js:280:10)
    at C:\Buildware_Mobile_Automation\node_modules\body-parser\lib\read.js:137:5
    at AsyncResource.runInAsyncScope (node:async_hooks:206:9)
    at invokeCallback (C:\Buildware_Mobile_Automation\node_modules\raw-body\index.js:238:16)
    at done (C:\Buildware_Mobile_Automation\node_modules\raw-body\index.js:227:7)
    at IncomingMessage.onEnd (C:\Buildware_Mobile_Automation\node_modules\raw-body\index.js:287:7)
2024-07-07 19:12:25:616 [b77526da][HTTP] <-- POST /session/b77526da-afbd-46f9-8a2a-da6f866b6987/elements 404 13 ms - 2459 
2024-07-07 19:12:25:633 [b77526da][HTTP] --> POST /session/b77526da-afbd-46f9-8a2a-da6f866b6987/elements {"using":"-android uiautomator","value":"new UiSelector().text(\"email@address.com\")"}
2024-07-07 19:12:25:637 [b77526da][AppiumDriver@cb17] Encountered internal error running command: NoSuchDriverError: A session is either terminated or not started
    at asyncHandler (C:\Buildware_Mobile_Automation\node_modules\@appium\base-driver\lib\protocol\protocol.js:309:15)
    at C:\Buildware_Mobile_Automation\node_modules\@appium\base-driver\lib\protocol\protocol.js:512:15
    at Layer.handle [as handle_request] (C:\Buildware_Mobile_Automation\node_modules\express\lib\router\layer.js:95:5)
    at next (C:\Buildware_Mobile_Automation\node_modules\express\lib\router\route.js:149:13)
    at Route.dispatch (C:\Buildware_Mobile_Automation\node_modules\express\lib\router\route.js:119:3)
    at Layer.handle [as handle_request] (C:\Buildware_Mobile_Automation\node_modules\express\lib\router\layer.js:95:5)
    at C:\Buildware_Mobile_Automation\node_modules\express\lib\router\index.js:284:15
    at param (C:\Buildware_Mobile_Automation\node_modules\express\lib\router\index.js:365:14)
    at param (C:\Buildware_Mobile_Automation\node_modules\express\lib\router\index.js:376:14)
    at Function.process_params (C:\Buildware_Mobile_Automation\node_modules\express\lib\router\index.js:421:3)
    at next (C:\Buildware_Mobile_Automation\node_modules\express\lib\router\index.js:280:10)
    at logger (C:\Buildware_Mobile_Automation\node_modules\morgan\index.js:144:5)
    at Layer.handle [as handle_request] (C:\Buildware_Mobile_Automation\node_modules\express\lib\router\layer.js:95:5)
    at trim_prefix (C:\Buildware_Mobile_Automation\node_modules\express\lib\router\index.js:328:13)
    at C:\Buildware_Mobile_Automation\node_modules\express\lib\router\index.js:286:9
    at Function.process_params (C:\Buildware_Mobile_Automation\node_modules\express\lib\router\index.js:346:12)
    at next (C:\Buildware_Mobile_Automation\node_modules\express\lib\router\index.js:280:10)
    at C:\Buildware_Mobile_Automation\node_modules\body-parser\lib\read.js:137:5
    at AsyncResource.runInAsyncScope (node:async_hooks:206:9)
    at invokeCallback (C:\Buildware_Mobile_Automation\node_modules\raw-body\index.js:238:16)
    at done (C:\Buildware_Mobile_Automation\node_modules\raw-body\index.js:227:7)
    at IncomingMessage.onEnd (C:\Buildware_Mobile_Automation\node_modules\raw-body\index.js:287:7)
2024-07-07 19:12:25:639 [b77526da][HTTP] <-- POST /session/b77526da-afbd-46f9-8a2a-da6f866b6987/elements 404 5 ms - 2459 
2024-07-07 19:12:25:653 [b77526da][HTTP] --> POST /session/b77526da-afbd-46f9-8a2a-da6f866b6987/elements {"using":"-android uiautomator","value":"new UiSelector().text(\"email@address.com\")"}
2024-07-07 19:12:25:659 [b77526da][AppiumDriver@cb17] Encountered internal error running command: NoSuchDriverError: A session is either terminated or not started
    at asyncHandler (C:\Buildware_Mobile_Automation\node_modules\@appium\base-driver\lib\protocol\protocol.js:309:15)
    at C:\Buildware_Mobile_Automation\node_modules\@appium\base-driver\lib\protocol\protocol.js:512:15
    at Layer.handle [as handle_request] (C:\Buildware_Mobile_Automation\node_modules\express\lib\router\layer.js:95:5)
    at next (C:\Buildware_Mobile_Automation\node_modules\express\lib\router\route.js:149:13)
    at Route.dispatch (C:\Buildware_Mobile_Automation\node_modules\express\lib\router\route.js:119:3)
    at Layer.handle [as handle_request] (C:\Buildware_Mobile_Automation\node_modules\express\lib\router\layer.js:95:5)
    at C:\Buildware_Mobile_Automation\node_modules\express\lib\router\index.js:284:15
    at param (C:\Buildware_Mobile_Automation\node_modules\express\lib\router\index.js:365:14)
    at param (C:\Buildware_Mobile_Automation\node_modules\express\lib\router\index.js:376:14)
    at Function.process_params (C:\Buildware_Mobile_Automation\node_modules\express\lib\router\index.js:421:3)
    at next (C:\Buildware_Mobile_Automation\node_modules\express\lib\router\index.js:280:10)
    at logger (C:\Buildware_Mobile_Automation\node_modules\morgan\index.js:144:5)
    at Layer.handle [as handle_request] (C:\Buildware_Mobile_Automation\node_modules\express\lib\router\layer.js:95:5)
    at trim_prefix (C:\Buildware_Mobile_Automation\node_modules\express\lib\router\index.js:328:13)
    at C:\Buildware_Mobile_Automation\node_modules\express\lib\router\index.js:286:9
    at Function.process_params (C:\Buildware_Mobile_Automation\node_modules\express\lib\router\index.js:346:12)
    at next (C:\Buildware_Mobile_Automation\node_modules\express\lib\router\index.js:280:10)
    at C:\Buildware_Mobile_Automation\node_modules\body-parser\lib\read.js:137:5
    at AsyncResource.runInAsyncScope (node:async_hooks:206:9)
    at invokeCallback (C:\Buildware_Mobile_Automation\node_modules\raw-body\index.js:238:16)
    at done (C:\Buildware_Mobile_Automation\node_modules\raw-body\index.js:227:7)
    at IncomingMessage.onEnd (C:\Buildware_Mobile_Automation\node_modules\raw-body\index.js:287:7)
2024-07-07 19:12:25:661 [b77526da][HTTP] <-- POST /session/b77526da-afbd-46f9-8a2a-da6f866b6987/elements 404 8 ms - 2459 
2024-07-07 19:12:25:673 [b77526da][HTTP] --> POST /session/b77526da-afbd-46f9-8a2a-da6f866b6987/elements {"using":"-android uiautomator","value":"new UiSelector().text(\"email@address.com\")"}
2024-07-07 19:12:25:677 [b77526da][AppiumDriver@cb17] Encountered internal error running command: NoSuchDriverError: A session is either terminated or not started
    at asyncHandler (C:\Buildware_Mobile_Automation\node_modules\@appium\base-driver\lib\protocol\protocol.js:309:15)
    at C:\Buildware_Mobile_Automation\node_modules\@appium\base-driver\lib\protocol\protocol.js:512:15
    at Layer.handle [as handle_request] (C:\Buildware_Mobile_Automation\node_modules\express\lib\router\layer.js:95:5)
    at next (C:\Buildware_Mobile_Automation\node_modules\express\lib\router\route.js:149:13)
    at Route.dispatch (C:\Buildware_Mobile_Automation\node_modules\express\lib\router\route.js:119:3)
    at Layer.handle [as handle_request] (C:\Buildware_Mobile_Automation\node_modules\express\lib\router\layer.js:95:5)
    at C:\Buildware_Mobile_Automation\node_modules\express\lib\router\index.js:284:15
    at param (C:\Buildware_Mobile_Automation\node_modules\express\lib\router\index.js:365:14)
    at param (C:\Buildware_Mobile_Automation\node_modules\express\lib\router\index.js:376:14)
    at Function.process_params (C:\Buildware_Mobile_Automation\node_modules\express\lib\router\index.js:421:3)
    at next (C:\Buildware_Mobile_Automation\node_modules\express\lib\router\index.js:280:10)
    at logger (C:\Buildware_Mobile_Automation\node_modules\morgan\index.js:144:5)
    at Layer.handle [as handle_request] (C:\Buildware_Mobile_Automation\node_modules\express\lib\router\layer.js:95:5)
    at trim_prefix (C:\Buildware_Mobile_Automation\node_modules\express\lib\router\index.js:328:13)
    at C:\Buildware_Mobile_Automation\node_modules\express\lib\router\index.js:286:9
    at Function.process_params (C:\Buildware_Mobile_Automation\node_modules\express\lib\router\index.js:346:12)
    at next (C:\Buildware_Mobile_Automation\node_modules\express\lib\router\index.js:280:10)
    at C:\Buildware_Mobile_Automation\node_modules\body-parser\lib\read.js:137:5
    at AsyncResource.runInAsyncScope (node:async_hooks:206:9)
    at invokeCallback (C:\Buildware_Mobile_Automation\node_modules\raw-body\index.js:238:16)
    at done (C:\Buildware_Mobile_Automation\node_modules\raw-body\index.js:227:7)
    at IncomingMessage.onEnd (C:\Buildware_Mobile_Automation\node_modules\raw-body\index.js:287:7)
2024-07-07 19:12:25:679 [b77526da][HTTP] <-- POST /session/b77526da-afbd-46f9-8a2a-da6f866b6987/elements 404 5 ms - 2459 
2024-07-07 19:12:25:937 [b77526da][Instrumentation] .
2024-07-07 19:12:26:060 [b77526da][HTTP] --> POST /session/b77526da-afbd-46f9-8a2a-da6f866b6987/elements {"using":"-android uiautomator","value":"new UiSelector().text(\"email@address.com\")"}
2024-07-07 19:12:26:065 [b77526da][AppiumDriver@cb17] Encountered internal error running command: NoSuchDriverError: A session is either terminated or not started
    at asyncHandler (C:\Buildware_Mobile_Automation\node_modules\@appium\base-driver\lib\protocol\protocol.js:309:15)
    at C:\Buildware_Mobile_Automation\node_modules\@appium\base-driver\lib\protocol\protocol.js:512:15
    at Layer.handle [as handle_request] (C:\Buildware_Mobile_Automation\node_modules\express\lib\router\layer.js:95:5)
    at next (C:\Buildware_Mobile_Automation\node_modules\express\lib\router\route.js:149:13)
    at Route.dispatch (C:\Buildware_Mobile_Automation\node_modules\express\lib\router\route.js:119:3)
    at Layer.handle [as handle_request] (C:\Buildware_Mobile_Automation\node_modules\express\lib\router\layer.js:95:5)
    at C:\Buildware_Mobile_Automation\node_modules\express\lib\router\index.js:284:15
    at param (C:\Buildware_Mobile_Automation\node_modules\express\lib\router\index.js:365:14)
    at param (C:\Buildware_Mobile_Automation\node_modules\express\lib\router\index.js:376:14)
    at Function.process_params (C:\Buildware_Mobile_Automation\node_modules\express\lib\router\index.js:421:3)
    at next (C:\Buildware_Mobile_Automation\node_modules\express\lib\router\index.js:280:10)
    at logger (C:\Buildware_Mobile_Automation\node_modules\morgan\index.js:144:5)
    at Layer.handle [as handle_request] (C:\Buildware_Mobile_Automation\node_modules\express\lib\router\layer.js:95:5)
    at trim_prefix (C:\Buildware_Mobile_Automation\node_modules\express\lib\router\index.js:328:13)
    at C:\Buildware_Mobile_Automation\node_modules\express\lib\router\index.js:286:9
    at Function.process_params (C:\Buildware_Mobile_Automation\node_modules\express\lib\router\index.js:346:12)
    at next (C:\Buildware_Mobile_Automation\node_modules\express\lib\router\index.js:280:10)
    at C:\Buildware_Mobile_Automation\node_modules\body-parser\lib\read.js:137:5
    at AsyncResource.runInAsyncScope (node:async_hooks:206:9)
    at invokeCallback (C:\Buildware_Mobile_Automation\node_modules\raw-body\index.js:238:16)
    at done (C:\Buildware_Mobile_Automation\node_modules\raw-body\index.js:227:7)
    at IncomingMessage.onEnd (C:\Buildware_Mobile_Automation\node_modules\raw-body\index.js:287:7)
2024-07-07 19:12:26:067 [b77526da][HTTP] <-- POST /session/b77526da-afbd-46f9-8a2a-da6f866b6987/elements 404 6 ms - 2459 
2024-07-07 19:12:26:081 [b77526da][HTTP] --> POST /session/b77526da-afbd-46f9-8a2a-da6f866b6987/elements {"using":"-android uiautomator","value":"new UiSelector().text(\"email@address.com\")"}
2024-07-07 19:12:26:085 [b77526da][AppiumDriver@cb17] Encountered internal error running command: NoSuchDriverError: A session is either terminated or not started
    at asyncHandler (C:\Buildware_Mobile_Automation\node_modules\@appium\base-driver\lib\protocol\protocol.js:309:15)
    at C:\Buildware_Mobile_Automation\node_modules\@appium\base-driver\lib\protocol\protocol.js:512:15
    at Layer.handle [as handle_request] (C:\Buildware_Mobile_Automation\node_modules\express\lib\router\layer.js:95:5)
    at next (C:\Buildware_Mobile_Automation\node_modules\express\lib\router\route.js:149:13)
    at Route.dispatch (C:\Buildware_Mobile_Automation\node_modules\express\lib\router\route.js:119:3)
    at Layer.handle [as handle_request] (C:\Buildware_Mobile_Automation\node_modules\express\lib\router\layer.js:95:5)
    at C:\Buildware_Mobile_Automation\node_modules\express\lib\router\index.js:284:15
    at param (C:\Buildware_Mobile_Automation\node_modules\express\lib\router\index.js:365:14)
    at param (C:\Buildware_Mobile_Automation\node_modules\express\lib\router\index.js:376:14)
    at Function.process_params (C:\Buildware_Mobile_Automation\node_modules\express\lib\router\index.js:421:3)
    at next (C:\Buildware_Mobile_Automation\node_modules\express\lib\router\index.js:280:10)
    at logger (C:\Buildware_Mobile_Automation\node_modules\morgan\index.js:144:5)
    at Layer.handle [as handle_request] (C:\Buildware_Mobile_Automation\node_modules\express\lib\router\layer.js:95:5)
    at trim_prefix (C:\Buildware_Mobile_Automation\node_modules\express\lib\router\index.js:328:13)
    at C:\Buildware_Mobile_Automation\node_modules\express\lib\router\index.js:286:9
    at Function.process_params (C:\Buildware_Mobile_Automation\node_modules\express\lib\router\index.js:346:12)
    at next (C:\Buildware_Mobile_Automation\node_modules\express\lib\router\index.js:280:10)
    at C:\Buildware_Mobile_Automation\node_modules\body-parser\lib\read.js:137:5
    at AsyncResource.runInAsyncScope (node:async_hooks:206:9)
    at invokeCallback (C:\Buildware_Mobile_Automation\node_modules\raw-body\index.js:238:16)
    at done (C:\Buildware_Mobile_Automation\node_modules\raw-body\index.js:227:7)
    at IncomingMessage.onEnd (C:\Buildware_Mobile_Automation\node_modules\raw-body\index.js:287:7)
2024-07-07 19:12:26:087 [b77526da][HTTP] <-- POST /session/b77526da-afbd-46f9-8a2a-da6f866b6987/elements 404 5 ms - 2459 
2024-07-07 19:12:26:106 [b77526da][HTTP] --> POST /session/b77526da-afbd-46f9-8a2a-da6f866b6987/elements {"using":"-android uiautomator","value":"new UiSelector().text(\"email@address.com\")"}
2024-07-07 19:12:26:111 [b77526da][AppiumDriver@cb17] Encountered internal error running command: NoSuchDriverError: A session is either terminated or not started
    at asyncHandler (C:\Buildware_Mobile_Automation\node_modules\@appium\base-driver\lib\protocol\protocol.js:309:15)
    at C:\Buildware_Mobile_Automation\node_modules\@appium\base-driver\lib\protocol\protocol.js:512:15
    at Layer.handle [as handle_request] (C:\Buildware_Mobile_Automation\node_modules\express\lib\router\layer.js:95:5)
    at next (C:\Buildware_Mobile_Automation\node_modules\express\lib\router\route.js:149:13)
    at Route.dispatch (C:\Buildware_Mobile_Automation\node_modules\express\lib\router\route.js:119:3)
    at Layer.handle [as handle_request] (C:\Buildware_Mobile_Automation\node_modules\express\lib\router\layer.js:95:5)
    at C:\Buildware_Mobile_Automation\node_modules\express\lib\router\index.js:284:15
    at param (C:\Buildware_Mobile_Automation\node_modules\express\lib\router\index.js:365:14)
    at param (C:\Buildware_Mobile_Automation\node_modules\express\lib\router\index.js:376:14)
    at Function.process_params (C:\Buildware_Mobile_Automation\node_modules\express\lib\router\index.js:421:3)
    at next (C:\Buildware_Mobile_Automation\node_modules\express\lib\router\index.js:280:10)
    at logger (C:\Buildware_Mobile_Automation\node_modules\morgan\index.js:144:5)
    at Layer.handle [as handle_request] (C:\Buildware_Mobile_Automation\node_modules\express\lib\router\layer.js:95:5)
    at trim_prefix (C:\Buildware_Mobile_Automation\node_modules\express\lib\router\index.js:328:13)
    at C:\Buildware_Mobile_Automation\node_modules\express\lib\router\index.js:286:9
    at Function.process_params (C:\Buildware_Mobile_Automation\node_modules\express\lib\router\index.js:346:12)
    at next (C:\Buildware_Mobile_Automation\node_modules\express\lib\router\index.js:280:10)
    at C:\Buildware_Mobile_Automation\node_modules\body-parser\lib\read.js:137:5
    at AsyncResource.runInAsyncScope (node:async_hooks:206:9)
    at invokeCallback (C:\Buildware_Mobile_Automation\node_modules\raw-body\index.js:238:16)
    at done (C:\Buildware_Mobile_Automation\node_modules\raw-body\index.js:227:7)
    at IncomingMessage.onEnd (C:\Buildware_Mobile_Automation\node_modules\raw-body\index.js:287:7)
2024-07-07 19:12:26:113 [b77526da][HTTP] <-- POST /session/b77526da-afbd-46f9-8a2a-da6f866b6987/elements 404 6 ms - 2459 
2024-07-07 19:12:26:127 [b77526da][HTTP] --> POST /session/b77526da-afbd-46f9-8a2a-da6f866b6987/elements {"using":"-android uiautomator","value":"new UiSelector().text(\"email@address.com\")"}
2024-07-07 19:12:26:131 [b77526da][AppiumDriver@cb17] Encountered internal error running command: NoSuchDriverError: A session is either terminated or not started
    at asyncHandler (C:\Buildware_Mobile_Automation\node_modules\@appium\base-driver\lib\protocol\protocol.js:309:15)
    at C:\Buildware_Mobile_Automation\node_modules\@appium\base-driver\lib\protocol\protocol.js:512:15
    at Layer.handle [as handle_request] (C:\Buildware_Mobile_Automation\node_modules\express\lib\router\layer.js:95:5)
    at next (C:\Buildware_Mobile_Automation\node_modules\express\lib\router\route.js:149:13)
    at Route.dispatch (C:\Buildware_Mobile_Automation\node_modules\express\lib\router\route.js:119:3)
    at Layer.handle [as handle_request] (C:\Buildware_Mobile_Automation\node_modules\express\lib\router\layer.js:95:5)
    at C:\Buildware_Mobile_Automation\node_modules\express\lib\router\index.js:284:15
    at param (C:\Buildware_Mobile_Automation\node_modules\express\lib\router\index.js:365:14)
    at param (C:\Buildware_Mobile_Automation\node_modules\express\lib\router\index.js:376:14)
    at Function.process_params (C:\Buildware_Mobile_Automation\node_modules\express\lib\router\index.js:421:3)
    at next (C:\Buildware_Mobile_Automation\node_modules\express\lib\router\index.js:280:10)
    at logger (C:\Buildware_Mobile_Automation\node_modules\morgan\index.js:144:5)
    at Layer.handle [as handle_request] (C:\Buildware_Mobile_Automation\node_modules\express\lib\router\layer.js:95:5)
    at trim_prefix (C:\Buildware_Mobile_Automation\node_modules\express\lib\router\index.js:328:13)
    at C:\Buildware_Mobile_Automation\node_modules\express\lib\router\index.js:286:9
    at Function.process_params (C:\Buildware_Mobile_Automation\node_modules\express\lib\router\index.js:346:12)
    at next (C:\Buildware_Mobile_Automation\node_modules\express\lib\router\index.js:280:10)
    at C:\Buildware_Mobile_Automation\node_modules\body-parser\lib\read.js:137:5
    at AsyncResource.runInAsyncScope (node:async_hooks:206:9)
    at invokeCallback (C:\Buildware_Mobile_Automation\node_modules\raw-body\index.js:238:16)
    at done (C:\Buildware_Mobile_Automation\node_modules\raw-body\index.js:227:7)
    at IncomingMessage.onEnd (C:\Buildware_Mobile_Automation\node_modules\raw-body\index.js:287:7)
2024-07-07 19:12:26:138 [b77526da][HTTP] <-- POST /session/b77526da-afbd-46f9-8a2a-da6f866b6987/elements 404 6 ms - 2459 
2024-07-07 19:12:26:144 [b77526da][Logcat] Stopping logcat capture
2024-07-07 19:12:26:159 [b77526da][ADB] Removing forwarded port socket connection: 8201 
2024-07-07 19:12:26:159 [b77526da][ADB] Running 'C:\Users\Mussab\AppData\Local\Android\Sdk\platform-tools\adb.exe -P 5037 -s emulator-5554 forward --remove tcp:8201'
2024-07-07 19:12:26:339 [b77526da][AndroidUiautomator2Driver@7589] Restoring hidden api policy to the device default configuration
2024-07-07 19:12:26:340 [b77526da][ADB] Running 'C:\Users\Mussab\AppData\Local\Android\Sdk\platform-tools\adb.exe -P 5037 -s emulator-5554 shell 'settings delete global hidden_api_policy_pre_p_apps;settings delete global hidden_api_policy_p_apps;settings delete global hidden_api_policy''
2024-07-07 19:12:26:559 [b77526da][HTTP] --> POST /session/b77526da-afbd-46f9-8a2a-da6f866b6987/elements {"using":"-android uiautomator","value":"new UiSelector().text(\"email@address.com\")"}
2024-07-07 19:12:26:563 [b77526da][AppiumDriver@cb17] Encountered internal error running command: NoSuchDriverError: A session is either terminated or not started
    at asyncHandler (C:\Buildware_Mobile_Automation\node_modules\@appium\base-driver\lib\protocol\protocol.js:309:15)
    at C:\Buildware_Mobile_Automation\node_modules\@appium\base-driver\lib\protocol\protocol.js:512:15
    at Layer.handle [as handle_request] (C:\Buildware_Mobile_Automation\node_modules\express\lib\router\layer.js:95:5)
    at next (C:\Buildware_Mobile_Automation\node_modules\express\lib\router\route.js:149:13)
    at Route.dispatch (C:\Buildware_Mobile_Automation\node_modules\express\lib\router\route.js:119:3)
    at Layer.handle [as handle_request] (C:\Buildware_Mobile_Automation\node_modules\express\lib\router\layer.js:95:5)
    at C:\Buildware_Mobile_Automation\node_modules\express\lib\router\index.js:284:15
    at param (C:\Buildware_Mobile_Automation\node_modules\express\lib\router\index.js:365:14)
    at param (C:\Buildware_Mobile_Automation\node_modules\express\lib\router\index.js:376:14)
    at Function.process_params (C:\Buildware_Mobile_Automation\node_modules\express\lib\router\index.js:421:3)
    at next (C:\Buildware_Mobile_Automation\node_modules\express\lib\router\index.js:280:10)
    at logger (C:\Buildware_Mobile_Automation\node_modules\morgan\index.js:144:5)
    at Layer.handle [as handle_request] (C:\Buildware_Mobile_Automation\node_modules\express\lib\router\layer.js:95:5)
    at trim_prefix (C:\Buildware_Mobile_Automation\node_modules\express\lib\router\index.js:328:13)
    at C:\Buildware_Mobile_Automation\node_modules\express\lib\router\index.js:286:9
    at Function.process_params (C:\Buildware_Mobile_Automation\node_modules\express\lib\router\index.js:346:12)
    at next (C:\Buildware_Mobile_Automation\node_modules\express\lib\router\index.js:280:10)
    at C:\Buildware_Mobile_Automation\node_modules\body-parser\lib\read.js:137:5
    at AsyncResource.runInAsyncScope (node:async_hooks:206:9)
    at invokeCallback (C:\Buildware_Mobile_Automation\node_modules\raw-body\index.js:238:16)
    at done (C:\Buildware_Mobile_Automation\node_modules\raw-body\index.js:227:7)
    at IncomingMessage.onEnd (C:\Buildware_Mobile_Automation\node_modules\raw-body\index.js:287:7)
2024-07-07 19:12:26:566 [b77526da][HTTP] <-- POST /session/b77526da-afbd-46f9-8a2a-da6f866b6987/elements 404 6 ms - 2459 
2024-07-07 19:12:26:576 [b77526da][HTTP] --> POST /session/b77526da-afbd-46f9-8a2a-da6f866b6987/elements {"using":"-android uiautomator","value":"new UiSelector().text(\"email@address.com\")"}
2024-07-07 19:12:26:580 [b77526da][AppiumDriver@cb17] Encountered internal error running command: NoSuchDriverError: A session is either terminated or not started
    at asyncHandler (C:\Buildware_Mobile_Automation\node_modules\@appium\base-driver\lib\protocol\protocol.js:309:15)
    at C:\Buildware_Mobile_Automation\node_modules\@appium\base-driver\lib\protocol\protocol.js:512:15
    at Layer.handle [as handle_request] (C:\Buildware_Mobile_Automation\node_modules\express\lib\router\layer.js:95:5)
    at next (C:\Buildware_Mobile_Automation\node_modules\express\lib\router\route.js:149:13)
    at Route.dispatch (C:\Buildware_Mobile_Automation\node_modules\express\lib\router\route.js:119:3)
    at Layer.handle [as handle_request] (C:\Buildware_Mobile_Automation\node_modules\express\lib\router\layer.js:95:5)
    at C:\Buildware_Mobile_Automation\node_modules\express\lib\router\index.js:284:15
    at param (C:\Buildware_Mobile_Automation\node_modules\express\lib\router\index.js:365:14)
    at param (C:\Buildware_Mobile_Automation\node_modules\express\lib\router\index.js:376:14)
    at Function.process_params (C:\Buildware_Mobile_Automation\node_modules\express\lib\router\index.js:421:3)
    at next (C:\Buildware_Mobile_Automation\node_modules\express\lib\router\index.js:280:10)
    at logger (C:\Buildware_Mobile_Automation\node_modules\morgan\index.js:144:5)
    at Layer.handle [as handle_request] (C:\Buildware_Mobile_Automation\node_modules\express\lib\router\layer.js:95:5)
    at trim_prefix (C:\Buildware_Mobile_Automation\node_modules\express\lib\router\index.js:328:13)
    at C:\Buildware_Mobile_Automation\node_modules\express\lib\router\index.js:286:9
    at Function.process_params (C:\Buildware_Mobile_Automation\node_modules\express\lib\router\index.js:346:12)
    at next (C:\Buildware_Mobile_Automation\node_modules\express\lib\router\index.js:280:10)
    at C:\Buildware_Mobile_Automation\node_modules\body-parser\lib\read.js:137:5
    at AsyncResource.runInAsyncScope (node:async_hooks:206:9)
    at invokeCallback (C:\Buildware_Mobile_Automation\node_modules\raw-body\index.js:238:16)
    at done (C:\Buildware_Mobile_Automation\node_modules\raw-body\index.js:227:7)
    at IncomingMessage.onEnd (C:\Buildware_Mobile_Automation\node_modules\raw-body\index.js:287:7)
2024-07-07 19:12:26:584 [b77526da][HTTP] <-- POST /session/b77526da-afbd-46f9-8a2a-da6f866b6987/elements 404 7 ms - 2459 
2024-07-07 19:12:26:591 [b77526da][HTTP] --> POST /session/b77526da-afbd-46f9-8a2a-da6f866b6987/elements {"using":"-android uiautomator","value":"new UiSelector().text(\"email@address.com\")"}
2024-07-07 19:12:26:594 [b77526da][AppiumDriver@cb17] Encountered internal error running command: NoSuchDriverError: A session is either terminated or not started
    at asyncHandler (C:\Buildware_Mobile_Automation\node_modules\@appium\base-driver\lib\protocol\protocol.js:309:15)
    at C:\Buildware_Mobile_Automation\node_modules\@appium\base-driver\lib\protocol\protocol.js:512:15
    at Layer.handle [as handle_request] (C:\Buildware_Mobile_Automation\node_modules\express\lib\router\layer.js:95:5)
    at next (C:\Buildware_Mobile_Automation\node_modules\express\lib\router\route.js:149:13)
    at Route.dispatch (C:\Buildware_Mobile_Automation\node_modules\express\lib\router\route.js:119:3)
    at Layer.handle [as handle_request] (C:\Buildware_Mobile_Automation\node_modules\express\lib\router\layer.js:95:5)
    at C:\Buildware_Mobile_Automation\node_modules\express\lib\router\index.js:284:15
    at param (C:\Buildware_Mobile_Automation\node_modules\express\lib\router\index.js:365:14)
    at param (C:\Buildware_Mobile_Automation\node_modules\express\lib\router\index.js:376:14)
    at Function.process_params (C:\Buildware_Mobile_Automation\node_modules\express\lib\router\index.js:421:3)
    at next (C:\Buildware_Mobile_Automation\node_modules\express\lib\router\index.js:280:10)
    at logger (C:\Buildware_Mobile_Automation\node_modules\morgan\index.js:144:5)
    at Layer.handle [as handle_request] (C:\Buildware_Mobile_Automation\node_modules\express\lib\router\layer.js:95:5)
    at trim_prefix (C:\Buildware_Mobile_Automation\node_modules\express\lib\router\index.js:328:13)
    at C:\Buildware_Mobile_Automation\node_modules\express\lib\router\index.js:286:9
    at Function.process_params (C:\Buildware_Mobile_Automation\node_modules\express\lib\router\index.js:346:12)
    at next (C:\Buildware_Mobile_Automation\node_modules\express\lib\router\index.js:280:10)
    at C:\Buildware_Mobile_Automation\node_modules\body-parser\lib\read.js:137:5
    at AsyncResource.runInAsyncScope (node:async_hooks:206:9)
    at invokeCallback (C:\Buildware_Mobile_Automation\node_modules\raw-body\index.js:238:16)
    at done (C:\Buildware_Mobile_Automation\node_modules\raw-body\index.js:227:7)
    at IncomingMessage.onEnd (C:\Buildware_Mobile_Automation\node_modules\raw-body\index.js:287:7)
2024-07-07 19:12:26:597 [b77526da][HTTP] <-- POST /session/b77526da-afbd-46f9-8a2a-da6f866b6987/elements 404 4 ms - 2459 
2024-07-07 19:12:26:607 [b77526da][HTTP] --> POST /session/b77526da-afbd-46f9-8a2a-da6f866b6987/elements {"using":"-android uiautomator","value":"new UiSelector().text(\"email@address.com\")"}
2024-07-07 19:12:26:611 [b77526da][AppiumDriver@cb17] Encountered internal error running command: NoSuchDriverError: A session is either terminated or not started
    at asyncHandler (C:\Buildware_Mobile_Automation\node_modules\@appium\base-driver\lib\protocol\protocol.js:309:15)
    at C:\Buildware_Mobile_Automation\node_modules\@appium\base-driver\lib\protocol\protocol.js:512:15
    at Layer.handle [as handle_request] (C:\Buildware_Mobile_Automation\node_modules\express\lib\router\layer.js:95:5)
    at next (C:\Buildware_Mobile_Automation\node_modules\express\lib\router\route.js:149:13)
    at Route.dispatch (C:\Buildware_Mobile_Automation\node_modules\express\lib\router\route.js:119:3)
    at Layer.handle [as handle_request] (C:\Buildware_Mobile_Automation\node_modules\express\lib\router\layer.js:95:5)
    at C:\Buildware_Mobile_Automation\node_modules\express\lib\router\index.js:284:15
    at param (C:\Buildware_Mobile_Automation\node_modules\express\lib\router\index.js:365:14)
    at param (C:\Buildware_Mobile_Automation\node_modules\express\lib\router\index.js:376:14)
    at Function.process_params (C:\Buildware_Mobile_Automation\node_modules\express\lib\router\index.js:421:3)
    at next (C:\Buildware_Mobile_Automation\node_modules\express\lib\router\index.js:280:10)
    at logger (C:\Buildware_Mobile_Automation\node_modules\morgan\index.js:144:5)
    at Layer.handle [as handle_request] (C:\Buildware_Mobile_Automation\node_modules\express\lib\router\layer.js:95:5)
    at trim_prefix (C:\Buildware_Mobile_Automation\node_modules\express\lib\router\index.js:328:13)
    at C:\Buildware_Mobile_Automation\node_modules\express\lib\router\index.js:286:9
    at Function.process_params (C:\Buildware_Mobile_Automation\node_modules\express\lib\router\index.js:346:12)
    at next (C:\Buildware_Mobile_Automation\node_modules\express\lib\router\index.js:280:10)
    at C:\Buildware_Mobile_Automation\node_modules\body-parser\lib\read.js:137:5
    at AsyncResource.runInAsyncScope (node:async_hooks:206:9)
    at invokeCallback (C:\Buildware_Mobile_Automation\node_modules\raw-body\index.js:238:16)
    at done (C:\Buildware_Mobile_Automation\node_modules\raw-body\index.js:227:7)
    at IncomingMessage.onEnd (C:\Buildware_Mobile_Automation\node_modules\raw-body\index.js:287:7)
2024-07-07 19:12:26:619 [b77526da][HTTP] <-- POST /session/b77526da-afbd-46f9-8a2a-da6f866b6987/elements 404 6 ms - 2459 
2024-07-07 19:12:27:068 [b77526da][HTTP] --> POST /session/b77526da-afbd-46f9-8a2a-da6f866b6987/elements {"using":"-android uiautomator","value":"new UiSelector().text(\"email@address.com\")"}
2024-07-07 19:12:27:074 [b77526da][AppiumDriver@cb17] Encountered internal error running command: NoSuchDriverError: A session is either terminated or not started
    at asyncHandler (C:\Buildware_Mobile_Automation\node_modules\@appium\base-driver\lib\protocol\protocol.js:309:15)
    at C:\Buildware_Mobile_Automation\node_modules\@appium\base-driver\lib\protocol\protocol.js:512:15
    at Layer.handle [as handle_request] (C:\Buildware_Mobile_Automation\node_modules\express\lib\router\layer.js:95:5)
    at next (C:\Buildware_Mobile_Automation\node_modules\express\lib\router\route.js:149:13)
    at Route.dispatch (C:\Buildware_Mobile_Automation\node_modules\express\lib\router\route.js:119:3)
    at Layer.handle [as handle_request] (C:\Buildware_Mobile_Automation\node_modules\express\lib\router\layer.js:95:5)
    at C:\Buildware_Mobile_Automation\node_modules\express\lib\router\index.js:284:15
    at param (C:\Buildware_Mobile_Automation\node_modules\express\lib\router\index.js:365:14)
    at param (C:\Buildware_Mobile_Automation\node_modules\express\lib\router\index.js:376:14)
    at Function.process_params (C:\Buildware_Mobile_Automation\node_modules\express\lib\router\index.js:421:3)
    at next (C:\Buildware_Mobile_Automation\node_modules\express\lib\router\index.js:280:10)
    at logger (C:\Buildware_Mobile_Automation\node_modules\morgan\index.js:144:5)
    at Layer.handle [as handle_request] (C:\Buildware_Mobile_Automation\node_modules\express\lib\router\layer.js:95:5)
    at trim_prefix (C:\Buildware_Mobile_Automation\node_modules\express\lib\router\index.js:328:13)
    at C:\Buildware_Mobile_Automation\node_modules\express\lib\router\index.js:286:9
    at Function.process_params (C:\Buildware_Mobile_Automation\node_modules\express\lib\router\index.js:346:12)
    at next (C:\Buildware_Mobile_Automation\node_modules\express\lib\router\index.js:280:10)
    at C:\Buildware_Mobile_Automation\node_modules\body-parser\lib\read.js:137:5
    at AsyncResource.runInAsyncScope (node:async_hooks:206:9)
    at invokeCallback (C:\Buildware_Mobile_Automation\node_modules\raw-body\index.js:238:16)
    at done (C:\Buildware_Mobile_Automation\node_modules\raw-body\index.js:227:7)
    at IncomingMessage.onEnd (C:\Buildware_Mobile_Automation\node_modules\raw-body\index.js:287:7)
2024-07-07 19:12:27:076 [b77526da][HTTP] <-- POST /session/b77526da-afbd-46f9-8a2a-da6f866b6987/elements 404 7 ms - 2459 
2024-07-07 19:12:27:097 [b77526da][HTTP] --> POST /session/b77526da-afbd-46f9-8a2a-da6f866b6987/elements {"using":"-android uiautomator","value":"new UiSelector().text(\"email@address.com\")"}
2024-07-07 19:12:27:102 [b77526da][AppiumDriver@cb17] Encountered internal error running command: NoSuchDriverError: A session is either terminated or not started
    at asyncHandler (C:\Buildware_Mobile_Automation\node_modules\@appium\base-driver\lib\protocol\protocol.js:309:15)
    at C:\Buildware_Mobile_Automation\node_modules\@appium\base-driver\lib\protocol\protocol.js:512:15
    at Layer.handle [as handle_request] (C:\Buildware_Mobile_Automation\node_modules\express\lib\router\layer.js:95:5)
    at next (C:\Buildware_Mobile_Automation\node_modules\express\lib\router\route.js:149:13)
    at Route.dispatch (C:\Buildware_Mobile_Automation\node_modules\express\lib\router\route.js:119:3)
    at Layer.handle [as handle_request] (C:\Buildware_Mobile_Automation\node_modules\express\lib\router\layer.js:95:5)
    at C:\Buildware_Mobile_Automation\node_modules\express\lib\router\index.js:284:15
    at param (C:\Buildware_Mobile_Automation\node_modules\express\lib\router\index.js:365:14)
    at param (C:\Buildware_Mobile_Automation\node_modules\express\lib\router\index.js:376:14)
    at Function.process_params (C:\Buildware_Mobile_Automation\node_modules\express\lib\router\index.js:421:3)
    at next (C:\Buildware_Mobile_Automation\node_modules\express\lib\router\index.js:280:10)
    at logger (C:\Buildware_Mobile_Automation\node_modules\morgan\index.js:144:5)
    at Layer.handle [as handle_request] (C:\Buildware_Mobile_Automation\node_modules\express\lib\router\layer.js:95:5)
    at trim_prefix (C:\Buildware_Mobile_Automation\node_modules\express\lib\router\index.js:328:13)
    at C:\Buildware_Mobile_Automation\node_modules\express\lib\router\index.js:286:9
    at Function.process_params (C:\Buildware_Mobile_Automation\node_modules\express\lib\router\index.js:346:12)
    at next (C:\Buildware_Mobile_Automation\node_modules\express\lib\router\index.js:280:10)
    at C:\Buildware_Mobile_Automation\node_modules\body-parser\lib\read.js:137:5
    at AsyncResource.runInAsyncScope (node:async_hooks:206:9)
    at invokeCallback (C:\Buildware_Mobile_Automation\node_modules\raw-body\index.js:238:16)
    at done (C:\Buildware_Mobile_Automation\node_modules\raw-body\index.js:227:7)
    at IncomingMessage.onEnd (C:\Buildware_Mobile_Automation\node_modules\raw-body\index.js:287:7)
2024-07-07 19:12:27:104 [b77526da][HTTP] <-- POST /session/b77526da-afbd-46f9-8a2a-da6f866b6987/elements 404 6 ms - 2459 
2024-07-07 19:12:27:125 [b77526da][HTTP] --> POST /session/b77526da-afbd-46f9-8a2a-da6f866b6987/elements {"using":"-android uiautomator","value":"new UiSelector().text(\"email@address.com\")"}
2024-07-07 19:12:27:130 [b77526da][AppiumDriver@cb17] Encountered internal error running command: NoSuchDriverError: A session is either terminated or not started
    at asyncHandler (C:\Buildware_Mobile_Automation\node_modules\@appium\base-driver\lib\protocol\protocol.js:309:15)
    at C:\Buildware_Mobile_Automation\node_modules\@appium\base-driver\lib\protocol\protocol.js:512:15
    at Layer.handle [as handle_request] (C:\Buildware_Mobile_Automation\node_modules\express\lib\router\layer.js:95:5)
    at next (C:\Buildware_Mobile_Automation\node_modules\express\lib\router\route.js:149:13)
    at Route.dispatch (C:\Buildware_Mobile_Automation\node_modules\express\lib\router\route.js:119:3)
    at Layer.handle [as handle_request] (C:\Buildware_Mobile_Automation\node_modules\express\lib\router\layer.js:95:5)
    at C:\Buildware_Mobile_Automation\node_modules\express\lib\router\index.js:284:15
    at param (C:\Buildware_Mobile_Automation\node_modules\express\lib\router\index.js:365:14)
    at param (C:\Buildware_Mobile_Automation\node_modules\express\lib\router\index.js:376:14)
    at Function.process_params (C:\Buildware_Mobile_Automation\node_modules\express\lib\router\index.js:421:3)
    at next (C:\Buildware_Mobile_Automation\node_modules\express\lib\router\index.js:280:10)
    at logger (C:\Buildware_Mobile_Automation\node_modules\morgan\index.js:144:5)
    at Layer.handle [as handle_request] (C:\Buildware_Mobile_Automation\node_modules\express\lib\router\layer.js:95:5)
    at trim_prefix (C:\Buildware_Mobile_Automation\node_modules\express\lib\router\index.js:328:13)
    at C:\Buildware_Mobile_Automation\node_modules\express\lib\router\index.js:286:9
    at Function.process_params (C:\Buildware_Mobile_Automation\node_modules\express\lib\router\index.js:346:12)
    at next (C:\Buildware_Mobile_Automation\node_modules\express\lib\router\index.js:280:10)
    at C:\Buildware_Mobile_Automation\node_modules\body-parser\lib\read.js:137:5
    at AsyncResource.runInAsyncScope (node:async_hooks:206:9)
    at invokeCallback (C:\Buildware_Mobile_Automation\node_modules\raw-body\index.js:238:16)
    at done (C:\Buildware_Mobile_Automation\node_modules\raw-body\index.js:227:7)
    at IncomingMessage.onEnd (C:\Buildware_Mobile_Automation\node_modules\raw-body\index.js:287:7)
2024-07-07 19:12:27:132 [b77526da][HTTP] <-- POST /session/b77526da-afbd-46f9-8a2a-da6f866b6987/elements 404 6 ms - 2459 
2024-07-07 19:12:27:141 [b77526da][HTTP] --> POST /session/b77526da-afbd-46f9-8a2a-da6f866b6987/elements {"using":"-android uiautomator","value":"new UiSelector().text(\"email@address.com\")"}
2024-07-07 19:12:27:146 [b77526da][AppiumDriver@cb17] Encountered internal error running command: NoSuchDriverError: A session is either terminated or not started
    at asyncHandler (C:\Buildware_Mobile_Automation\node_modules\@appium\base-driver\lib\protocol\protocol.js:309:15)
    at C:\Buildware_Mobile_Automation\node_modules\@appium\base-driver\lib\protocol\protocol.js:512:15
    at Layer.handle [as handle_request] (C:\Buildware_Mobile_Automation\node_modules\express\lib\router\layer.js:95:5)
    at next (C:\Buildware_Mobile_Automation\node_modules\express\lib\router\route.js:149:13)
    at Route.dispatch (C:\Buildware_Mobile_Automation\node_modules\express\lib\router\route.js:119:3)
    at Layer.handle [as handle_request] (C:\Buildware_Mobile_Automation\node_modules\express\lib\router\layer.js:95:5)
    at C:\Buildware_Mobile_Automation\node_modules\express\lib\router\index.js:284:15
    at param (C:\Buildware_Mobile_Automation\node_modules\express\lib\router\index.js:365:14)
    at param (C:\Buildware_Mobile_Automation\node_modules\express\lib\router\index.js:376:14)
    at Function.process_params (C:\Buildware_Mobile_Automation\node_modules\express\lib\router\index.js:421:3)
    at next (C:\Buildware_Mobile_Automation\node_modules\express\lib\router\index.js:280:10)
    at logger (C:\Buildware_Mobile_Automation\node_modules\morgan\index.js:144:5)
    at Layer.handle [as handle_request] (C:\Buildware_Mobile_Automation\node_modules\express\lib\router\layer.js:95:5)
    at trim_prefix (C:\Buildware_Mobile_Automation\node_modules\express\lib\router\index.js:328:13)
    at C:\Buildware_Mobile_Automation\node_modules\express\lib\router\index.js:286:9
    at Function.process_params (C:\Buildware_Mobile_Automation\node_modules\express\lib\router\index.js:346:12)
    at next (C:\Buildware_Mobile_Automation\node_modules\express\lib\router\index.js:280:10)
    at C:\Buildware_Mobile_Automation\node_modules\body-parser\lib\read.js:137:5
    at AsyncResource.runInAsyncScope (node:async_hooks:206:9)
    at invokeCallback (C:\Buildware_Mobile_Automation\node_modules\raw-body\index.js:238:16)
    at done (C:\Buildware_Mobile_Automation\node_modules\raw-body\index.js:227:7)
    at IncomingMessage.onEnd (C:\Buildware_Mobile_Automation\node_modules\raw-body\index.js:287:7)
2024-07-07 19:12:27:148 [b77526da][HTTP] <-- POST /session/b77526da-afbd-46f9-8a2a-da6f866b6987/elements 404 6 ms - 2459 
2024-07-07 19:12:27:572 [b77526da][HTTP] --> POST /session/b77526da-afbd-46f9-8a2a-da6f866b6987/elements {"using":"-android uiautomator","value":"new UiSelector().text(\"email@address.com\")"}
2024-07-07 19:12:27:579 [b77526da][AppiumDriver@cb17] Encountered internal error running command: NoSuchDriverError: A session is either terminated or not started
    at asyncHandler (C:\Buildware_Mobile_Automation\node_modules\@appium\base-driver\lib\protocol\protocol.js:309:15)
    at C:\Buildware_Mobile_Automation\node_modules\@appium\base-driver\lib\protocol\protocol.js:512:15
    at Layer.handle [as handle_request] (C:\Buildware_Mobile_Automation\node_modules\express\lib\router\layer.js:95:5)
    at next (C:\Buildware_Mobile_Automation\node_modules\express\lib\router\route.js:149:13)
    at Route.dispatch (C:\Buildware_Mobile_Automation\node_modules\express\lib\router\route.js:119:3)
    at Layer.handle [as handle_request] (C:\Buildware_Mobile_Automation\node_modules\express\lib\router\layer.js:95:5)
    at C:\Buildware_Mobile_Automation\node_modules\express\lib\router\index.js:284:15
    at param (C:\Buildware_Mobile_Automation\node_modules\express\lib\router\index.js:365:14)
    at param (C:\Buildware_Mobile_Automation\node_modules\express\lib\router\index.js:376:14)
    at Function.process_params (C:\Buildware_Mobile_Automation\node_modules\express\lib\router\index.js:421:3)
    at next (C:\Buildware_Mobile_Automation\node_modules\express\lib\router\index.js:280:10)
    at logger (C:\Buildware_Mobile_Automation\node_modules\morgan\index.js:144:5)
    at Layer.handle [as handle_request] (C:\Buildware_Mobile_Automation\node_modules\express\lib\router\layer.js:95:5)
    at trim_prefix (C:\Buildware_Mobile_Automation\node_modules\express\lib\router\index.js:328:13)
    at C:\Buildware_Mobile_Automation\node_modules\express\lib\router\index.js:286:9
    at Function.process_params (C:\Buildware_Mobile_Automation\node_modules\express\lib\router\index.js:346:12)
    at next (C:\Buildware_Mobile_Automation\node_modules\express\lib\router\index.js:280:10)
    at C:\Buildware_Mobile_Automation\node_modules\body-parser\lib\read.js:137:5
    at AsyncResource.runInAsyncScope (node:async_hooks:206:9)
    at invokeCallback (C:\Buildware_Mobile_Automation\node_modules\raw-body\index.js:238:16)
    at done (C:\Buildware_Mobile_Automation\node_modules\raw-body\index.js:227:7)
    at IncomingMessage.onEnd (C:\Buildware_Mobile_Automation\node_modules\raw-body\index.js:287:7)
2024-07-07 19:12:27:582 [b77526da][HTTP] <-- POST /session/b77526da-afbd-46f9-8a2a-da6f866b6987/elements 404 9 ms - 2459 
2024-07-07 19:12:27:592 [b77526da][HTTP] --> POST /session/b77526da-afbd-46f9-8a2a-da6f866b6987/elements {"using":"-android uiautomator","value":"new UiSelector().text(\"email@address.com\")"}
2024-07-07 19:12:27:595 [b77526da][AppiumDriver@cb17] Encountered internal error running command: NoSuchDriverError: A session is either terminated or not started
    at asyncHandler (C:\Buildware_Mobile_Automation\node_modules\@appium\base-driver\lib\protocol\protocol.js:309:15)
    at C:\Buildware_Mobile_Automation\node_modules\@appium\base-driver\lib\protocol\protocol.js:512:15
    at Layer.handle [as handle_request] (C:\Buildware_Mobile_Automation\node_modules\express\lib\router\layer.js:95:5)
    at next (C:\Buildware_Mobile_Automation\node_modules\express\lib\router\route.js:149:13)
    at Route.dispatch (C:\Buildware_Mobile_Automation\node_modules\express\lib\router\route.js:119:3)
    at Layer.handle [as handle_request] (C:\Buildware_Mobile_Automation\node_modules\express\lib\router\layer.js:95:5)
    at C:\Buildware_Mobile_Automation\node_modules\express\lib\router\index.js:284:15
    at param (C:\Buildware_Mobile_Automation\node_modules\express\lib\router\index.js:365:14)
    at param (C:\Buildware_Mobile_Automation\node_modules\express\lib\router\index.js:376:14)
    at Function.process_params (C:\Buildware_Mobile_Automation\node_modules\express\lib\router\index.js:421:3)
    at next (C:\Buildware_Mobile_Automation\node_modules\express\lib\router\index.js:280:10)
    at logger (C:\Buildware_Mobile_Automation\node_modules\morgan\index.js:144:5)
    at Layer.handle [as handle_request] (C:\Buildware_Mobile_Automation\node_modules\express\lib\router\layer.js:95:5)
    at trim_prefix (C:\Buildware_Mobile_Automation\node_modules\express\lib\router\index.js:328:13)
    at C:\Buildware_Mobile_Automation\node_modules\express\lib\router\index.js:286:9
    at Function.process_params (C:\Buildware_Mobile_Automation\node_modules\express\lib\router\index.js:346:12)
    at next (C:\Buildware_Mobile_Automation\node_modules\express\lib\router\index.js:280:10)
    at C:\Buildware_Mobile_Automation\node_modules\body-parser\lib\read.js:137:5
    at AsyncResource.runInAsyncScope (node:async_hooks:206:9)
    at invokeCallback (C:\Buildware_Mobile_Automation\node_modules\raw-body\index.js:238:16)
    at done (C:\Buildware_Mobile_Automation\node_modules\raw-body\index.js:227:7)
    at IncomingMessage.onEnd (C:\Buildware_Mobile_Automation\node_modules\raw-body\index.js:287:7)
2024-07-07 19:12:27:597 [b77526da][HTTP] <-- POST /session/b77526da-afbd-46f9-8a2a-da6f866b6987/elements 404 4 ms - 2459 
2024-07-07 19:12:27:606 [b77526da][HTTP] --> POST /session/b77526da-afbd-46f9-8a2a-da6f866b6987/elements {"using":"-android uiautomator","value":"new UiSelector().text(\"email@address.com\")"}
2024-07-07 19:12:27:611 [b77526da][AppiumDriver@cb17] Encountered internal error running command: NoSuchDriverError: A session is either terminated or not started
    at asyncHandler (C:\Buildware_Mobile_Automation\node_modules\@appium\base-driver\lib\protocol\protocol.js:309:15)
    at C:\Buildware_Mobile_Automation\node_modules\@appium\base-driver\lib\protocol\protocol.js:512:15
    at Layer.handle [as handle_request] (C:\Buildware_Mobile_Automation\node_modules\express\lib\router\layer.js:95:5)
    at next (C:\Buildware_Mobile_Automation\node_modules\express\lib\router\route.js:149:13)
    at Route.dispatch (C:\Buildware_Mobile_Automation\node_modules\express\lib\router\route.js:119:3)
    at Layer.handle [as handle_request] (C:\Buildware_Mobile_Automation\node_modules\express\lib\router\layer.js:95:5)
    at C:\Buildware_Mobile_Automation\node_modules\express\lib\router\index.js:284:15
    at param (C:\Buildware_Mobile_Automation\node_modules\express\lib\router\index.js:365:14)
    at param (C:\Buildware_Mobile_Automation\node_modules\express\lib\router\index.js:376:14)
    at Function.process_params (C:\Buildware_Mobile_Automation\node_modules\express\lib\router\index.js:421:3)
    at next (C:\Buildware_Mobile_Automation\node_modules\express\lib\router\index.js:280:10)
    at logger (C:\Buildware_Mobile_Automation\node_modules\morgan\index.js:144:5)
    at Layer.handle [as handle_request] (C:\Buildware_Mobile_Automation\node_modules\express\lib\router\layer.js:95:5)
    at trim_prefix (C:\Buildware_Mobile_Automation\node_modules\express\lib\router\index.js:328:13)
    at C:\Buildware_Mobile_Automation\node_modules\express\lib\router\index.js:286:9
    at Function.process_params (C:\Buildware_Mobile_Automation\node_modules\express\lib\router\index.js:346:12)
    at next (C:\Buildware_Mobile_Automation\node_modules\express\lib\router\index.js:280:10)
    at C:\Buildware_Mobile_Automation\node_modules\body-parser\lib\read.js:137:5
    at AsyncResource.runInAsyncScope (node:async_hooks:206:9)
    at invokeCallback (C:\Buildware_Mobile_Automation\node_modules\raw-body\index.js:238:16)
    at done (C:\Buildware_Mobile_Automation\node_modules\raw-body\index.js:227:7)
    at IncomingMessage.onEnd (C:\Buildware_Mobile_Automation\node_modules\raw-body\index.js:287:7)
2024-07-07 19:12:27:613 [b77526da][HTTP] <-- POST /session/b77526da-afbd-46f9-8a2a-da6f866b6987/elements 404 7 ms - 2459 
2024-07-07 19:12:27:627 [b77526da][HTTP] --> POST /session/b77526da-afbd-46f9-8a2a-da6f866b6987/elements {"using":"-android uiautomator","value":"new UiSelector().text(\"email@address.com\")"}
2024-07-07 19:12:27:629 [b77526da][AppiumDriver@cb17] Encountered internal error running command: NoSuchDriverError: A session is either terminated or not started
    at asyncHandler (C:\Buildware_Mobile_Automation\node_modules\@appium\base-driver\lib\protocol\protocol.js:309:15)
    at C:\Buildware_Mobile_Automation\node_modules\@appium\base-driver\lib\protocol\protocol.js:512:15
    at Layer.handle [as handle_request] (C:\Buildware_Mobile_Automation\node_modules\express\lib\router\layer.js:95:5)
    at next (C:\Buildware_Mobile_Automation\node_modules\express\lib\router\route.js:149:13)
    at Route.dispatch (C:\Buildware_Mobile_Automation\node_modules\express\lib\router\route.js:119:3)
    at Layer.handle [as handle_request] (C:\Buildware_Mobile_Automation\node_modules\express\lib\router\layer.js:95:5)
    at C:\Buildware_Mobile_Automation\node_modules\express\lib\router\index.js:284:15
    at param (C:\Buildware_Mobile_Automation\node_modules\express\lib\router\index.js:365:14)
    at param (C:\Buildware_Mobile_Automation\node_modules\express\lib\router\index.js:376:14)
    at Function.process_params (C:\Buildware_Mobile_Automation\node_modules\express\lib\router\index.js:421:3)
    at next (C:\Buildware_Mobile_Automation\node_modules\express\lib\router\index.js:280:10)
    at logger (C:\Buildware_Mobile_Automation\node_modules\morgan\index.js:144:5)
    at Layer.handle [as handle_request] (C:\Buildware_Mobile_Automation\node_modules\express\lib\router\layer.js:95:5)
    at trim_prefix (C:\Buildware_Mobile_Automation\node_modules\express\lib\router\index.js:328:13)
    at C:\Buildware_Mobile_Automation\node_modules\express\lib\router\index.js:286:9
    at Function.process_params (C:\Buildware_Mobile_Automation\node_modules\express\lib\router\index.js:346:12)
    at next (C:\Buildware_Mobile_Automation\node_modules\express\lib\router\index.js:280:10)
    at C:\Buildware_Mobile_Automation\node_modules\body-parser\lib\read.js:137:5
    at AsyncResource.runInAsyncScope (node:async_hooks:206:9)
    at invokeCallback (C:\Buildware_Mobile_Automation\node_modules\raw-body\index.js:238:16)
    at done (C:\Buildware_Mobile_Automation\node_modules\raw-body\index.js:227:7)
    at IncomingMessage.onEnd (C:\Buildware_Mobile_Automation\node_modules\raw-body\index.js:287:7)
2024-07-07 19:12:27:632 [b77526da][HTTP] <-- POST /session/b77526da-afbd-46f9-8a2a-da6f866b6987/elements 404 4 ms - 2459 
2024-07-07 19:12:28:009 [b77526da][AppiumDriver@cb17] Event 'quitSessionFinished' logged at 1720379548008 (00:12:28 GMT+0500 (Pakistan Standard Time))
2024-07-07 19:12:28:009 [b77526da][AppiumDriver@cb17] Received response: null
2024-07-07 19:12:28:010 [b77526da][AppiumDriver@cb17] But deleting session, so not returning
2024-07-07 19:12:28:010 [b77526da][AppiumDriver@cb17] Responding to client with driver.deleteSession() result: null
2024-07-07 19:12:28:013 [b77526da][HTTP] <-- DELETE /session/b77526da-afbd-46f9-8a2a-da6f866b6987 200 2918 ms - 14 
2024-07-07 19:12:28:131 [b77526da][Instrumentation] Time: 13.18

OK (1 test)
2024-07-07 19:12:28:388 [b77526da][Instrumentation] The process has exited with code 0
